This file contains any messages produced by compilers while
running configure, to aid debugging if configure makes a mistake.

It was created by guacamole-server configure 1.2.0, which was
generated by GNU Autoconf 2.69.  Invocation command line was

  $ ./configure --with-init-dir=/etc/init.d

## --------- ##
## Platform. ##
## --------- ##

hostname = host-168-168-168-77
uname -m = x86_64
uname -r = 3.10.0-957.el7.x86_64
uname -s = Linux
uname -v = #1 SMP Thu Nov 8 23:39:32 UTC 2018

/usr/bin/uname -p = x86_64
/bin/uname -X     = unknown

/bin/arch              = x86_64
/usr/bin/arch -k       = unknown
/usr/convex/getsysinfo = unknown
/usr/bin/hostinfo      = unknown
/bin/machine           = unknown
/usr/bin/oslevel       = unknown
/bin/universe          = unknown

PATH: /root/anaconda3/bin
PATH: /root/anaconda3/condabin
PATH: /opt/rh/devtoolset-9/root/usr/bin
PATH: /usr/local/sbin
PATH: /usr/local/bin
PATH: /usr/sbin
PATH: /usr/bin
PATH: /usr/local/go/bin
PATH: /usr/local/openresty/nginx/sbin
PATH: /usr/local/openresty/luajit/bin
PATH: /usr/local/python3/bin
PATH: /usr/local/apache-maven-3.6.3/bin
PATH: /root/bin


## ----------- ##
## Core tests. ##
## ----------- ##

configure:2609: checking for a BSD-compatible install
configure:2677: result: /usr/bin/install -c
configure:2688: checking whether build environment is sane
configure:2743: result: yes
configure:2894: checking for a thread-safe mkdir -p
configure:2933: result: /usr/bin/mkdir -p
configure:2940: checking for gawk
configure:2956: found /usr/bin/gawk
configure:2967: result: gawk
configure:2978: checking whether make sets $(MAKE)
configure:3000: result: yes
configure:3029: checking whether make supports nested variables
configure:3046: result: yes
configure:3183: checking whether make supports nested variables
configure:3200: result: yes
configure:3242: checking build system type
configure:3256: result: x86_64-pc-linux-gnu
configure:3276: checking host system type
configure:3289: result: x86_64-pc-linux-gnu
configure:3330: checking how to print strings
configure:3357: result: printf
configure:3390: checking for style of include used by make
configure:3418: result: GNU
configure:3489: checking for gcc
configure:3505: found /opt/rh/devtoolset-9/root/usr/bin/gcc
configure:3516: result: gcc
configure:3745: checking for C compiler version
configure:3754: gcc --version >&5
gcc (GCC) 9.3.1 20200408 (Red Hat 9.3.1-2)
Copyright (C) 2019 Free Software Foundation, Inc.
This is free software; see the source for copying conditions.  There is NO
warranty; not even for MERCHANTABILITY or FITNESS FOR A PARTICULAR PURPOSE.

configure:3765: $? = 0
configure:3754: gcc -v >&5
Using built-in specs.
COLLECT_GCC=gcc
COLLECT_LTO_WRAPPER=/opt/rh/devtoolset-9/root/usr/libexec/gcc/x86_64-redhat-linux/9/lto-wrapper
Target: x86_64-redhat-linux
Configured with: ../configure --enable-bootstrap --enable-languages=c,c++,fortran,lto --prefix=/opt/rh/devtoolset-9/root/usr --mandir=/opt/rh/devtoolset-9/root/usr/share/man --infodir=/opt/rh/devtoolset-9/root/usr/share/info --with-bugurl=http://bugzilla.redhat.com/bugzilla --enable-shared --enable-threads=posix --enable-checking=release --enable-multilib --with-system-zlib --enable-__cxa_atexit --disable-libunwind-exceptions --enable-gnu-unique-object --enable-linker-build-id --with-gcc-major-version-only --with-linker-hash-style=gnu --with-default-libstdcxx-abi=gcc4-compatible --enable-plugin --enable-initfini-array --with-isl=/builddir/build/BUILD/gcc-9.3.1-20200408/obj-x86_64-redhat-linux/isl-install --disable-libmpx --enable-gnu-indirect-function --with-tune=generic --with-arch_32=x86-64 --build=x86_64-redhat-linux
Thread model: posix
gcc version 9.3.1 20200408 (Red Hat 9.3.1-2) (GCC) 
configure:3765: $? = 0
configure:3754: gcc -V >&5
gcc: error: unrecognized command line option '-V'
gcc: fatal error: no input files
compilation terminated.
configure:3765: $? = 1
configure:3754: gcc -qversion >&5
gcc: error: unrecognized command line option '-qversion'; did you mean '--version'?
gcc: fatal error: no input files
compilation terminated.
configure:3765: $? = 1
configure:3785: checking whether the C compiler works
configure:3807: gcc    conftest.c  >&5
configure:3811: $? = 0
configure:3859: result: yes
configure:3862: checking for C compiler default output file name
configure:3864: result: a.out
configure:3870: checking for suffix of executables
configure:3877: gcc -o conftest    conftest.c  >&5
configure:3881: $? = 0
configure:3903: result: 
configure:3925: checking whether we are cross compiling
configure:3933: gcc -o conftest    conftest.c  >&5
configure:3937: $? = 0
configure:3944: ./conftest
configure:3948: $? = 0
configure:3963: result: no
configure:3968: checking for suffix of object files
configure:3990: gcc -c   conftest.c >&5
configure:3994: $? = 0
configure:4015: result: o
configure:4019: checking whether we are using the GNU C compiler
configure:4038: gcc -c   conftest.c >&5
configure:4038: $? = 0
configure:4047: result: yes
configure:4056: checking whether gcc accepts -g
configure:4076: gcc -c -g  conftest.c >&5
configure:4076: $? = 0
configure:4117: result: yes
configure:4134: checking for gcc option to accept ISO C89
configure:4197: gcc  -c -g -O2  conftest.c >&5
configure:4197: $? = 0
configure:4210: result: none needed
configure:4235: checking whether gcc understands -c and -o together
configure:4257: gcc -c conftest.c -o conftest2.o
configure:4260: $? = 0
configure:4257: gcc -c conftest.c -o conftest2.o
configure:4260: $? = 0
configure:4272: result: yes
configure:4291: checking dependency style of gcc
configure:4402: result: gcc3
configure:4417: checking for a sed that does not truncate output
configure:4481: result: /usr/bin/sed
configure:4499: checking for grep that handles long lines and -e
configure:4557: result: /usr/bin/grep
configure:4562: checking for egrep
configure:4624: result: /usr/bin/grep -E
configure:4629: checking for fgrep
configure:4691: result: /usr/bin/grep -F
configure:4726: checking for ld used by gcc
configure:4793: result: /opt/rh/devtoolset-9/root/usr/libexec/gcc/x86_64-redhat-linux/9/ld
configure:4800: checking if the linker (/opt/rh/devtoolset-9/root/usr/libexec/gcc/x86_64-redhat-linux/9/ld) is GNU ld
configure:4815: result: yes
configure:4827: checking for BSD- or MS-compatible name lister (nm)
configure:4881: result: /opt/rh/devtoolset-9/root/usr/bin/nm -B
configure:5011: checking the name lister (/opt/rh/devtoolset-9/root/usr/bin/nm -B) interface
configure:5018: gcc -c -g -O2  conftest.c >&5
configure:5021: /opt/rh/devtoolset-9/root/usr/bin/nm -B "conftest.o"
configure:5024: output
0000000000000000 B some_variable
configure:5031: result: BSD nm
configure:5034: checking whether ln -s works
configure:5038: result: yes
configure:5046: checking the maximum length of command line arguments
configure:5177: result: 1572864
configure:5225: checking how to convert x86_64-pc-linux-gnu file names to x86_64-pc-linux-gnu format
configure:5265: result: func_convert_file_noop
configure:5272: checking how to convert x86_64-pc-linux-gnu file names to toolchain format
configure:5292: result: func_convert_file_noop
configure:5299: checking for /opt/rh/devtoolset-9/root/usr/libexec/gcc/x86_64-redhat-linux/9/ld option to reload object files
configure:5306: result: -r
configure:5380: checking for objdump
configure:5396: found /opt/rh/devtoolset-9/root/usr/bin/objdump
configure:5407: result: objdump
configure:5439: checking how to recognize dependent libraries
configure:5639: result: pass_all
configure:5724: checking for dlltool
configure:5754: result: no
configure:5784: checking how to associate runtime and link libraries
configure:5811: result: printf %s\n
configure:5872: checking for ar
configure:5888: found /opt/rh/devtoolset-9/root/usr/bin/ar
configure:5899: result: ar
configure:5936: checking for archiver @FILE support
configure:5953: gcc -c -g -O2  conftest.c >&5
configure:5953: $? = 0
configure:5956: ar cru libconftest.a @conftest.lst >&5
configure:5959: $? = 0
configure:5964: ar cru libconftest.a @conftest.lst >&5
ar: conftest.o: No such file or directory
configure:5967: $? = 1
configure:5979: result: @
configure:6037: checking for strip
configure:6053: found /opt/rh/devtoolset-9/root/usr/bin/strip
configure:6064: result: strip
configure:6136: checking for ranlib
configure:6152: found /opt/rh/devtoolset-9/root/usr/bin/ranlib
configure:6163: result: ranlib
configure:6265: checking command to parse /opt/rh/devtoolset-9/root/usr/bin/nm -B output from gcc object
configure:6418: gcc -c -g -O2  conftest.c >&5
configure:6421: $? = 0
configure:6425: /opt/rh/devtoolset-9/root/usr/bin/nm -B conftest.o \| sed -n -e 's/^.*[ ]\([ABCDGIRSTW][ABCDGIRSTW]*\)[ ][ ]*\([_A-Za-z][_A-Za-z0-9]*\)$/\1 \2 \2/p' | sed '/ __gnu_lto/d' \> conftest.nm
configure:6428: $? = 0
configure:6494: gcc -o conftest -g -O2   conftest.c conftstm.o >&5
configure:6497: $? = 0
configure:6535: result: ok
configure:6582: checking for sysroot
configure:6612: result: no
configure:6619: checking for a working dd
configure:6657: result: /usr/bin/dd
configure:6661: checking how to truncate binary pipes
configure:6676: result: /usr/bin/dd bs=4096 count=1
configure:6812: gcc -c -g -O2  conftest.c >&5
configure:6815: $? = 0
configure:7005: checking for mt
configure:7035: result: no
configure:7055: checking if : is a manifest tool
configure:7061: : '-?'
configure:7069: result: no
configure:7746: checking how to run the C preprocessor
configure:7777: gcc -E  conftest.c
configure:7777: $? = 0
configure:7791: gcc -E  conftest.c
conftest.c:11:10: fatal error: ac_nonexistent.h: No such file or directory
   11 | #include <ac_nonexistent.h>
      |          ^~~~~~~~~~~~~~~~~~
compilation terminated.
configure:7791: $? = 1
configure: failed program was:
| /* confdefs.h */
| #define PACKAGE_NAME "guacamole-server"
| #define PACKAGE_TARNAME "guacamole-server"
| #define PACKAGE_VERSION "1.2.0"
| #define PACKAGE_STRING "guacamole-server 1.2.0"
| #define PACKAGE_BUGREPORT ""
| #define PACKAGE_URL ""
| #define PACKAGE "guacamole-server"
| #define VERSION "1.2.0"
| /* end confdefs.h.  */
| #include <ac_nonexistent.h>
configure:7816: result: gcc -E
configure:7836: gcc -E  conftest.c
configure:7836: $? = 0
configure:7850: gcc -E  conftest.c
conftest.c:11:10: fatal error: ac_nonexistent.h: No such file or directory
   11 | #include <ac_nonexistent.h>
      |          ^~~~~~~~~~~~~~~~~~
compilation terminated.
configure:7850: $? = 1
configure: failed program was:
| /* confdefs.h */
| #define PACKAGE_NAME "guacamole-server"
| #define PACKAGE_TARNAME "guacamole-server"
| #define PACKAGE_VERSION "1.2.0"
| #define PACKAGE_STRING "guacamole-server 1.2.0"
| #define PACKAGE_BUGREPORT ""
| #define PACKAGE_URL ""
| #define PACKAGE "guacamole-server"
| #define VERSION "1.2.0"
| /* end confdefs.h.  */
| #include <ac_nonexistent.h>
configure:7879: checking for ANSI C header files
configure:7899: gcc -c -g -O2  conftest.c >&5
configure:7899: $? = 0
configure:7972: gcc -o conftest -g -O2   conftest.c  >&5
configure:7972: $? = 0
configure:7972: ./conftest
configure:7972: $? = 0
configure:7983: result: yes
configure:7996: checking for sys/types.h
configure:7996: gcc -c -g -O2  conftest.c >&5
configure:7996: $? = 0
configure:7996: result: yes
configure:7996: checking for sys/stat.h
configure:7996: gcc -c -g -O2  conftest.c >&5
configure:7996: $? = 0
configure:7996: result: yes
configure:7996: checking for stdlib.h
configure:7996: gcc -c -g -O2  conftest.c >&5
configure:7996: $? = 0
configure:7996: result: yes
configure:7996: checking for string.h
configure:7996: gcc -c -g -O2  conftest.c >&5
configure:7996: $? = 0
configure:7996: result: yes
configure:7996: checking for memory.h
configure:7996: gcc -c -g -O2  conftest.c >&5
configure:7996: $? = 0
configure:7996: result: yes
configure:7996: checking for strings.h
configure:7996: gcc -c -g -O2  conftest.c >&5
configure:7996: $? = 0
configure:7996: result: yes
configure:7996: checking for inttypes.h
configure:7996: gcc -c -g -O2  conftest.c >&5
configure:7996: $? = 0
configure:7996: result: yes
configure:7996: checking for stdint.h
configure:7996: gcc -c -g -O2  conftest.c >&5
configure:7996: $? = 0
configure:7996: result: yes
configure:7996: checking for unistd.h
configure:7996: gcc -c -g -O2  conftest.c >&5
configure:7996: $? = 0
configure:7996: result: yes
configure:8010: checking for dlfcn.h
configure:8010: gcc -c -g -O2  conftest.c >&5
configure:8010: $? = 0
configure:8010: result: yes
configure:8265: checking for objdir
configure:8280: result: .libs
configure:8544: checking if gcc supports -fno-rtti -fno-exceptions
configure:8562: gcc -c -g -O2  -fno-rtti -fno-exceptions conftest.c >&5
cc1: warning: command line option '-fno-rtti' is valid for C++/D/ObjC++ but not for C
configure:8566: $? = 0
configure:8579: result: no
configure:8937: checking for gcc option to produce PIC
configure:8944: result: -fPIC -DPIC
configure:8952: checking if gcc PIC flag -fPIC -DPIC works
configure:8970: gcc -c -g -O2  -fPIC -DPIC -DPIC conftest.c >&5
configure:8974: $? = 0
configure:8987: result: yes
configure:9016: checking if gcc static flag -static works
configure:9044: result: no
configure:9059: checking if gcc supports -c -o file.o
configure:9080: gcc -c -g -O2  -o out/conftest2.o conftest.c >&5
configure:9084: $? = 0
configure:9106: result: yes
configure:9114: checking if gcc supports -c -o file.o
configure:9161: result: yes
configure:9194: checking whether the gcc linker (/opt/rh/devtoolset-9/root/usr/libexec/gcc/x86_64-redhat-linux/9/ld -m elf_x86_64) supports shared libraries
configure:10453: result: yes
configure:10490: checking whether -lc should be explicitly linked in
configure:10498: gcc -c -g -O2  conftest.c >&5
configure:10501: $? = 0
configure:10516: gcc -shared  -fPIC -DPIC conftest.o  -v -Wl,-soname -Wl,conftest -o conftest 2\>\&1 \| /usr/bin/grep  -lc  \>/dev/null 2\>\&1
configure:10519: $? = 0
configure:10533: result: no
configure:10693: checking dynamic linker characteristics
configure:11274: gcc -o conftest -g -O2   -Wl,-rpath -Wl,/foo conftest.c  >&5
configure:11274: $? = 0
configure:11514: result: GNU/Linux ld.so
configure:11636: checking how to hardcode library paths into programs
configure:11661: result: immediate
configure:11763: checking for shl_load
configure:11763: gcc -o conftest -g -O2   conftest.c  >&5
/opt/rh/devtoolset-9/root/usr/libexec/gcc/x86_64-redhat-linux/9/ld: /tmp/ccpAdq8g.o: in function `main':
/home/software/guacamole-server-1.2.0/conftest.c:57: undefined reference to `shl_load'
collect2: error: ld returned 1 exit status
configure:11763: $? = 1
configure: failed program was:
| /* confdefs.h */
| #define PACKAGE_NAME "guacamole-server"
| #define PACKAGE_TARNAME "guacamole-server"
| #define PACKAGE_VERSION "1.2.0"
| #define PACKAGE_STRING "guacamole-server 1.2.0"
| #define PACKAGE_BUGREPORT ""
| #define PACKAGE_URL ""
| #define PACKAGE "guacamole-server"
| #define VERSION "1.2.0"
| #define STDC_HEADERS 1
| #define HAVE_SYS_TYPES_H 1
| #define HAVE_SYS_STAT_H 1
| #define HAVE_STDLIB_H 1
| #define HAVE_STRING_H 1
| #define HAVE_MEMORY_H 1
| #define HAVE_STRINGS_H 1
| #define HAVE_INTTYPES_H 1
| #define HAVE_STDINT_H 1
| #define HAVE_UNISTD_H 1
| #define HAVE_DLFCN_H 1
| #define LT_OBJDIR ".libs/"
| /* end confdefs.h.  */
| /* Define shl_load to an innocuous variant, in case <limits.h> declares shl_load.
|    For example, HP-UX 11i <limits.h> declares gettimeofday.  */
| #define shl_load innocuous_shl_load
| 
| /* System header to define __stub macros and hopefully few prototypes,
|     which can conflict with char shl_load (); below.
|     Prefer <limits.h> to <assert.h> if __STDC__ is defined, since
|     <limits.h> exists even on freestanding compilers.  */
| 
| #ifdef __STDC__
| # include <limits.h>
| #else
| # include <assert.h>
| #endif
| 
| #undef shl_load
| 
| /* Override any GCC internal prototype to avoid an error.
|    Use char because int might match the return type of a GCC
|    builtin and then its argument prototype would still apply.  */
| #ifdef __cplusplus
| extern "C"
| #endif
| char shl_load ();
| /* The GNU C library defines this for functions which it implements
|     to always fail with ENOSYS.  Some functions are actually named
|     something starting with __ and the normal name is an alias.  */
| #if defined __stub_shl_load || defined __stub___shl_load
| choke me
| #endif
| 
| int
| main ()
| {
| return shl_load ();
|   ;
|   return 0;
| }
configure:11763: result: no
configure:11767: checking for shl_load in -ldld
configure:11792: gcc -o conftest -g -O2   conftest.c -ldld   >&5
/opt/rh/devtoolset-9/root/usr/libexec/gcc/x86_64-redhat-linux/9/ld: cannot find -ldld
collect2: error: ld returned 1 exit status
configure:11792: $? = 1
configure: failed program was:
| /* confdefs.h */
| #define PACKAGE_NAME "guacamole-server"
| #define PACKAGE_TARNAME "guacamole-server"
| #define PACKAGE_VERSION "1.2.0"
| #define PACKAGE_STRING "guacamole-server 1.2.0"
| #define PACKAGE_BUGREPORT ""
| #define PACKAGE_URL ""
| #define PACKAGE "guacamole-server"
| #define VERSION "1.2.0"
| #define STDC_HEADERS 1
| #define HAVE_SYS_TYPES_H 1
| #define HAVE_SYS_STAT_H 1
| #define HAVE_STDLIB_H 1
| #define HAVE_STRING_H 1
| #define HAVE_MEMORY_H 1
| #define HAVE_STRINGS_H 1
| #define HAVE_INTTYPES_H 1
| #define HAVE_STDINT_H 1
| #define HAVE_UNISTD_H 1
| #define HAVE_DLFCN_H 1
| #define LT_OBJDIR ".libs/"
| /* end confdefs.h.  */
| 
| /* Override any GCC internal prototype to avoid an error.
|    Use char because int might match the return type of a GCC
|    builtin and then its argument prototype would still apply.  */
| #ifdef __cplusplus
| extern "C"
| #endif
| char shl_load ();
| int
| main ()
| {
| return shl_load ();
|   ;
|   return 0;
| }
configure:11801: result: no
configure:11806: checking for dlopen
configure:11806: gcc -o conftest -g -O2   conftest.c  >&5
/opt/rh/devtoolset-9/root/usr/libexec/gcc/x86_64-redhat-linux/9/ld: /tmp/cc5Qm0Pu.o: in function `main':
/home/software/guacamole-server-1.2.0/conftest.c:57: undefined reference to `dlopen'
collect2: error: ld returned 1 exit status
configure:11806: $? = 1
configure: failed program was:
| /* confdefs.h */
| #define PACKAGE_NAME "guacamole-server"
| #define PACKAGE_TARNAME "guacamole-server"
| #define PACKAGE_VERSION "1.2.0"
| #define PACKAGE_STRING "guacamole-server 1.2.0"
| #define PACKAGE_BUGREPORT ""
| #define PACKAGE_URL ""
| #define PACKAGE "guacamole-server"
| #define VERSION "1.2.0"
| #define STDC_HEADERS 1
| #define HAVE_SYS_TYPES_H 1
| #define HAVE_SYS_STAT_H 1
| #define HAVE_STDLIB_H 1
| #define HAVE_STRING_H 1
| #define HAVE_MEMORY_H 1
| #define HAVE_STRINGS_H 1
| #define HAVE_INTTYPES_H 1
| #define HAVE_STDINT_H 1
| #define HAVE_UNISTD_H 1
| #define HAVE_DLFCN_H 1
| #define LT_OBJDIR ".libs/"
| /* end confdefs.h.  */
| /* Define dlopen to an innocuous variant, in case <limits.h> declares dlopen.
|    For example, HP-UX 11i <limits.h> declares gettimeofday.  */
| #define dlopen innocuous_dlopen
| 
| /* System header to define __stub macros and hopefully few prototypes,
|     which can conflict with char dlopen (); below.
|     Prefer <limits.h> to <assert.h> if __STDC__ is defined, since
|     <limits.h> exists even on freestanding compilers.  */
| 
| #ifdef __STDC__
| # include <limits.h>
| #else
| # include <assert.h>
| #endif
| 
| #undef dlopen
| 
| /* Override any GCC internal prototype to avoid an error.
|    Use char because int might match the return type of a GCC
|    builtin and then its argument prototype would still apply.  */
| #ifdef __cplusplus
| extern "C"
| #endif
| char dlopen ();
| /* The GNU C library defines this for functions which it implements
|     to always fail with ENOSYS.  Some functions are actually named
|     something starting with __ and the normal name is an alias.  */
| #if defined __stub_dlopen || defined __stub___dlopen
| choke me
| #endif
| 
| int
| main ()
| {
| return dlopen ();
|   ;
|   return 0;
| }
configure:11806: result: no
configure:11810: checking for dlopen in -ldl
configure:11835: gcc -o conftest -g -O2   conftest.c -ldl   >&5
configure:11835: $? = 0
configure:11844: result: yes
configure:11963: checking whether a program can dlopen itself
configure:12043: gcc -o conftest -g -O2  -DHAVE_DLFCN_H  -Wl,--export-dynamic conftest.c -ldl  >&5
configure:12046: $? = 0
configure:12064: result: yes
configure:12069: checking whether a statically linked program can dlopen itself
configure:12149: gcc -o conftest -g -O2  -DHAVE_DLFCN_H  -Wl,--export-dynamic  conftest.c -ldl  >&5
configure:12152: $? = 0
configure:12170: result: yes
configure:12209: checking whether stripping libraries is possible
configure:12214: result: yes
configure:12249: checking if libtool supports shared libraries
configure:12251: result: yes
configure:12254: checking whether to build shared libraries
configure:12279: result: yes
configure:12282: checking whether to build static libraries
configure:12286: result: yes
configure:12380: checking for gcc
configure:12407: result: gcc
configure:12636: checking for C compiler version
configure:12645: gcc --version >&5
gcc (GCC) 9.3.1 20200408 (Red Hat 9.3.1-2)
Copyright (C) 2019 Free Software Foundation, Inc.
This is free software; see the source for copying conditions.  There is NO
warranty; not even for MERCHANTABILITY or FITNESS FOR A PARTICULAR PURPOSE.

configure:12656: $? = 0
configure:12645: gcc -v >&5
Using built-in specs.
COLLECT_GCC=gcc
COLLECT_LTO_WRAPPER=/opt/rh/devtoolset-9/root/usr/libexec/gcc/x86_64-redhat-linux/9/lto-wrapper
Target: x86_64-redhat-linux
Configured with: ../configure --enable-bootstrap --enable-languages=c,c++,fortran,lto --prefix=/opt/rh/devtoolset-9/root/usr --mandir=/opt/rh/devtoolset-9/root/usr/share/man --infodir=/opt/rh/devtoolset-9/root/usr/share/info --with-bugurl=http://bugzilla.redhat.com/bugzilla --enable-shared --enable-threads=posix --enable-checking=release --enable-multilib --with-system-zlib --enable-__cxa_atexit --disable-libunwind-exceptions --enable-gnu-unique-object --enable-linker-build-id --with-gcc-major-version-only --with-linker-hash-style=gnu --with-default-libstdcxx-abi=gcc4-compatible --enable-plugin --enable-initfini-array --with-isl=/builddir/build/BUILD/gcc-9.3.1-20200408/obj-x86_64-redhat-linux/isl-install --disable-libmpx --enable-gnu-indirect-function --with-tune=generic --with-arch_32=x86-64 --build=x86_64-redhat-linux
Thread model: posix
gcc version 9.3.1 20200408 (Red Hat 9.3.1-2) (GCC) 
configure:12656: $? = 0
configure:12645: gcc -V >&5
gcc: error: unrecognized command line option '-V'
gcc: fatal error: no input files
compilation terminated.
configure:12656: $? = 1
configure:12645: gcc -qversion >&5
gcc: error: unrecognized command line option '-qversion'; did you mean '--version'?
gcc: fatal error: no input files
compilation terminated.
configure:12656: $? = 1
configure:12660: checking whether we are using the GNU C compiler
configure:12688: result: yes
configure:12697: checking whether gcc accepts -g
configure:12758: result: yes
configure:12775: checking for gcc option to accept ISO C89
configure:12851: result: none needed
configure:12876: checking whether gcc understands -c and -o together
configure:12913: result: yes
configure:12932: checking dependency style of gcc
configure:13043: result: gcc3
configure:13058: checking for gcc option to accept ISO C99
configure:13207: gcc  -c -g -O2  conftest.c >&5
configure:13207: $? = 0
configure:13220: result: none needed
configure:13241: checking fcntl.h usability
configure:13241: gcc -c -g -O2  conftest.c >&5
configure:13241: $? = 0
configure:13241: result: yes
configure:13241: checking fcntl.h presence
configure:13241: gcc -E  conftest.c
configure:13241: $? = 0
configure:13241: result: yes
configure:13241: checking for fcntl.h
configure:13241: result: yes
configure:13241: checking for stdlib.h
configure:13241: result: yes
configure:13241: checking for string.h
configure:13241: result: yes
configure:13241: checking sys/socket.h usability
configure:13241: gcc -c -g -O2  conftest.c >&5
configure:13241: $? = 0
configure:13241: result: yes
configure:13241: checking sys/socket.h presence
configure:13241: gcc -E  conftest.c
configure:13241: $? = 0
configure:13241: result: yes
configure:13241: checking for sys/socket.h
configure:13241: result: yes
configure:13241: checking time.h usability
configure:13241: gcc -c -g -O2  conftest.c >&5
configure:13241: $? = 0
configure:13241: result: yes
configure:13241: checking time.h presence
configure:13241: gcc -E  conftest.c
configure:13241: $? = 0
configure:13241: result: yes
configure:13241: checking for time.h
configure:13241: result: yes
configure:13241: checking sys/time.h usability
configure:13241: gcc -c -g -O2  conftest.c >&5
configure:13241: $? = 0
configure:13241: result: yes
configure:13241: checking sys/time.h presence
configure:13241: gcc -E  conftest.c
configure:13241: $? = 0
configure:13241: result: yes
configure:13241: checking for sys/time.h
configure:13241: result: yes
configure:13241: checking syslog.h usability
configure:13241: gcc -c -g -O2  conftest.c >&5
configure:13241: $? = 0
configure:13241: result: yes
configure:13241: checking syslog.h presence
configure:13241: gcc -E  conftest.c
configure:13241: $? = 0
configure:13241: result: yes
configure:13241: checking for syslog.h
configure:13241: result: yes
configure:13241: checking for unistd.h
configure:13241: result: yes
configure:13241: checking cairo/cairo.h usability
configure:13241: gcc -c -g -O2  conftest.c >&5
configure:13241: $? = 0
configure:13241: result: yes
configure:13241: checking cairo/cairo.h presence
configure:13241: gcc -E  conftest.c
configure:13241: $? = 0
configure:13241: result: yes
configure:13241: checking for cairo/cairo.h
configure:13241: result: yes
configure:13241: checking pngstruct.h usability
configure:13241: gcc -c -g -O2  conftest.c >&5
conftest.c:65:10: fatal error: pngstruct.h: No such file or directory
   65 | #include <pngstruct.h>
      |          ^~~~~~~~~~~~~
compilation terminated.
configure:13241: $? = 1
configure: failed program was:
| /* confdefs.h */
| #define PACKAGE_NAME "guacamole-server"
| #define PACKAGE_TARNAME "guacamole-server"
| #define PACKAGE_VERSION "1.2.0"
| #define PACKAGE_STRING "guacamole-server 1.2.0"
| #define PACKAGE_BUGREPORT ""
| #define PACKAGE_URL ""
| #define PACKAGE "guacamole-server"
| #define VERSION "1.2.0"
| #define STDC_HEADERS 1
| #define HAVE_SYS_TYPES_H 1
| #define HAVE_SYS_STAT_H 1
| #define HAVE_STDLIB_H 1
| #define HAVE_STRING_H 1
| #define HAVE_MEMORY_H 1
| #define HAVE_STRINGS_H 1
| #define HAVE_INTTYPES_H 1
| #define HAVE_STDINT_H 1
| #define HAVE_UNISTD_H 1
| #define HAVE_DLFCN_H 1
| #define LT_OBJDIR ".libs/"
| #define HAVE_FCNTL_H 1
| #define HAVE_STDLIB_H 1
| #define HAVE_STRING_H 1
| #define HAVE_SYS_SOCKET_H 1
| #define HAVE_TIME_H 1
| #define HAVE_SYS_TIME_H 1
| #define HAVE_SYSLOG_H 1
| #define HAVE_UNISTD_H 1
| #define HAVE_CAIRO_CAIRO_H 1
| /* end confdefs.h.  */
| #include <stdio.h>
| #ifdef HAVE_SYS_TYPES_H
| # include <sys/types.h>
| #endif
| #ifdef HAVE_SYS_STAT_H
| # include <sys/stat.h>
| #endif
| #ifdef STDC_HEADERS
| # include <stdlib.h>
| # include <stddef.h>
| #else
| # ifdef HAVE_STDLIB_H
| #  include <stdlib.h>
| # endif
| #endif
| #ifdef HAVE_STRING_H
| # if !defined STDC_HEADERS && defined HAVE_MEMORY_H
| #  include <memory.h>
| # endif
| # include <string.h>
| #endif
| #ifdef HAVE_STRINGS_H
| # include <strings.h>
| #endif
| #ifdef HAVE_INTTYPES_H
| # include <inttypes.h>
| #endif
| #ifdef HAVE_STDINT_H
| # include <stdint.h>
| #endif
| #ifdef HAVE_UNISTD_H
| # include <unistd.h>
| #endif
| #include <pngstruct.h>
configure:13241: result: no
configure:13241: checking pngstruct.h presence
configure:13241: gcc -E  conftest.c
conftest.c:32:10: fatal error: pngstruct.h: No such file or directory
   32 | #include <pngstruct.h>
      |          ^~~~~~~~~~~~~
compilation terminated.
configure:13241: $? = 1
configure: failed program was:
| /* confdefs.h */
| #define PACKAGE_NAME "guacamole-server"
| #define PACKAGE_TARNAME "guacamole-server"
| #define PACKAGE_VERSION "1.2.0"
| #define PACKAGE_STRING "guacamole-server 1.2.0"
| #define PACKAGE_BUGREPORT ""
| #define PACKAGE_URL ""
| #define PACKAGE "guacamole-server"
| #define VERSION "1.2.0"
| #define STDC_HEADERS 1
| #define HAVE_SYS_TYPES_H 1
| #define HAVE_SYS_STAT_H 1
| #define HAVE_STDLIB_H 1
| #define HAVE_STRING_H 1
| #define HAVE_MEMORY_H 1
| #define HAVE_STRINGS_H 1
| #define HAVE_INTTYPES_H 1
| #define HAVE_STDINT_H 1
| #define HAVE_UNISTD_H 1
| #define HAVE_DLFCN_H 1
| #define LT_OBJDIR ".libs/"
| #define HAVE_FCNTL_H 1
| #define HAVE_STDLIB_H 1
| #define HAVE_STRING_H 1
| #define HAVE_SYS_SOCKET_H 1
| #define HAVE_TIME_H 1
| #define HAVE_SYS_TIME_H 1
| #define HAVE_SYSLOG_H 1
| #define HAVE_UNISTD_H 1
| #define HAVE_CAIRO_CAIRO_H 1
| /* end confdefs.h.  */
| #include <pngstruct.h>
configure:13241: result: no
configure:13241: checking for pngstruct.h
configure:13241: result: no
configure:13261: checking for cos in -lm
configure:13286: gcc -o conftest -g -O2   conftest.c -lm   >&5
conftest.c:41:6: warning: conflicting types for built-in function 'cos'; expected 'double(double)' [-Wbuiltin-declaration-mismatch]
   41 | char cos ();
      |      ^~~
conftest.c:1:1: note: 'cos' is declared in header '<math.h>'
    1 | /* confdefs.h */
configure:13286: $? = 0
configure:13295: result: yes
configure:13312: checking for png_write_png in -lpng
configure:13337: gcc -o conftest -g -O2   conftest.c -lpng   >&5
configure:13337: $? = 0
configure:13346: result: yes
configure:13356: checking for jpeg_start_compress in -ljpeg
configure:13381: gcc -o conftest -g -O2   conftest.c -ljpeg   >&5
configure:13381: $? = 0
configure:13390: result: yes
configure:13400: checking for cairo_create in -lcairo
configure:13425: gcc -o conftest -g -O2   conftest.c -lcairo   >&5
configure:13425: $? = 0
configure:13434: result: yes
configure:13444: checking for pthread_create in -lpthread
configure:13469: gcc -o conftest -g -O2   conftest.c -lpthread   >&5
configure:13469: $? = 0
configure:13478: result: yes
configure:13489: checking for dlopen in -ldl
configure:13523: result: yes
configure:13540: checking for uuid_make in -lossp-uuid
configure:13565: gcc -o conftest -g -O2   conftest.c -lossp-uuid   >&5
configure:13565: $? = 0
configure:13574: result: yes
configure:13627: checking ossp/uuid.h usability
configure:13627: gcc -c -g -O2  conftest.c >&5
conftest.c:68:10: fatal error: ossp/uuid.h: No such file or directory
   68 | #include <ossp/uuid.h>
      |          ^~~~~~~~~~~~~
compilation terminated.
configure:13627: $? = 1
configure: failed program was:
| /* confdefs.h */
| #define PACKAGE_NAME "guacamole-server"
| #define PACKAGE_TARNAME "guacamole-server"
| #define PACKAGE_VERSION "1.2.0"
| #define PACKAGE_STRING "guacamole-server 1.2.0"
| #define PACKAGE_BUGREPORT ""
| #define PACKAGE_URL ""
| #define PACKAGE "guacamole-server"
| #define VERSION "1.2.0"
| #define STDC_HEADERS 1
| #define HAVE_SYS_TYPES_H 1
| #define HAVE_SYS_STAT_H 1
| #define HAVE_STDLIB_H 1
| #define HAVE_STRING_H 1
| #define HAVE_MEMORY_H 1
| #define HAVE_STRINGS_H 1
| #define HAVE_INTTYPES_H 1
| #define HAVE_STDINT_H 1
| #define HAVE_UNISTD_H 1
| #define HAVE_DLFCN_H 1
| #define LT_OBJDIR ".libs/"
| #define HAVE_FCNTL_H 1
| #define HAVE_STDLIB_H 1
| #define HAVE_STRING_H 1
| #define HAVE_SYS_SOCKET_H 1
| #define HAVE_TIME_H 1
| #define HAVE_SYS_TIME_H 1
| #define HAVE_SYSLOG_H 1
| #define HAVE_UNISTD_H 1
| #define HAVE_CAIRO_CAIRO_H 1
| #define _XOPEN_SOURCE 700
| #define __BSD_VISIBLE 1
| #define HAVE_LIBPTHREAD /**/
| /* end confdefs.h.  */
| #include <stdio.h>
| #ifdef HAVE_SYS_TYPES_H
| # include <sys/types.h>
| #endif
| #ifdef HAVE_SYS_STAT_H
| # include <sys/stat.h>
| #endif
| #ifdef STDC_HEADERS
| # include <stdlib.h>
| # include <stddef.h>
| #else
| # ifdef HAVE_STDLIB_H
| #  include <stdlib.h>
| # endif
| #endif
| #ifdef HAVE_STRING_H
| # if !defined STDC_HEADERS && defined HAVE_MEMORY_H
| #  include <memory.h>
| # endif
| # include <string.h>
| #endif
| #ifdef HAVE_STRINGS_H
| # include <strings.h>
| #endif
| #ifdef HAVE_INTTYPES_H
| # include <inttypes.h>
| #endif
| #ifdef HAVE_STDINT_H
| # include <stdint.h>
| #endif
| #ifdef HAVE_UNISTD_H
| # include <unistd.h>
| #endif
| #include <ossp/uuid.h>
configure:13627: result: no
configure:13627: checking ossp/uuid.h presence
configure:13627: gcc -E  conftest.c
conftest.c:35:10: fatal error: ossp/uuid.h: No such file or directory
   35 | #include <ossp/uuid.h>
      |          ^~~~~~~~~~~~~
compilation terminated.
configure:13627: $? = 1
configure: failed program was:
| /* confdefs.h */
| #define PACKAGE_NAME "guacamole-server"
| #define PACKAGE_TARNAME "guacamole-server"
| #define PACKAGE_VERSION "1.2.0"
| #define PACKAGE_STRING "guacamole-server 1.2.0"
| #define PACKAGE_BUGREPORT ""
| #define PACKAGE_URL ""
| #define PACKAGE "guacamole-server"
| #define VERSION "1.2.0"
| #define STDC_HEADERS 1
| #define HAVE_SYS_TYPES_H 1
| #define HAVE_SYS_STAT_H 1
| #define HAVE_STDLIB_H 1
| #define HAVE_STRING_H 1
| #define HAVE_MEMORY_H 1
| #define HAVE_STRINGS_H 1
| #define HAVE_INTTYPES_H 1
| #define HAVE_STDINT_H 1
| #define HAVE_UNISTD_H 1
| #define HAVE_DLFCN_H 1
| #define LT_OBJDIR ".libs/"
| #define HAVE_FCNTL_H 1
| #define HAVE_STDLIB_H 1
| #define HAVE_STRING_H 1
| #define HAVE_SYS_SOCKET_H 1
| #define HAVE_TIME_H 1
| #define HAVE_SYS_TIME_H 1
| #define HAVE_SYSLOG_H 1
| #define HAVE_UNISTD_H 1
| #define HAVE_CAIRO_CAIRO_H 1
| #define _XOPEN_SOURCE 700
| #define __BSD_VISIBLE 1
| #define HAVE_LIBPTHREAD /**/
| /* end confdefs.h.  */
| #include <ossp/uuid.h>
configure:13627: result: no
configure:13627: checking for ossp/uuid.h
configure:13627: result: no
configure:13637: checking whether uuid_make is declared
configure:13637: gcc -c -g -O2  conftest.c >&5
configure:13637: $? = 0
configure:13637: result: yes
configure:13652: checking for CU_run_test in -lcunit
configure:13677: gcc -o conftest -g -O2   conftest.c -lcunit   >&5
/opt/rh/devtoolset-9/root/usr/libexec/gcc/x86_64-redhat-linux/9/ld: cannot find -lcunit
collect2: error: ld returned 1 exit status
configure:13677: $? = 1
configure: failed program was:
| /* confdefs.h */
| #define PACKAGE_NAME "guacamole-server"
| #define PACKAGE_TARNAME "guacamole-server"
| #define PACKAGE_VERSION "1.2.0"
| #define PACKAGE_STRING "guacamole-server 1.2.0"
| #define PACKAGE_BUGREPORT ""
| #define PACKAGE_URL ""
| #define PACKAGE "guacamole-server"
| #define VERSION "1.2.0"
| #define STDC_HEADERS 1
| #define HAVE_SYS_TYPES_H 1
| #define HAVE_SYS_STAT_H 1
| #define HAVE_STDLIB_H 1
| #define HAVE_STRING_H 1
| #define HAVE_MEMORY_H 1
| #define HAVE_STRINGS_H 1
| #define HAVE_INTTYPES_H 1
| #define HAVE_STDINT_H 1
| #define HAVE_UNISTD_H 1
| #define HAVE_DLFCN_H 1
| #define LT_OBJDIR ".libs/"
| #define HAVE_FCNTL_H 1
| #define HAVE_STDLIB_H 1
| #define HAVE_STRING_H 1
| #define HAVE_SYS_SOCKET_H 1
| #define HAVE_TIME_H 1
| #define HAVE_SYS_TIME_H 1
| #define HAVE_SYSLOG_H 1
| #define HAVE_UNISTD_H 1
| #define HAVE_CAIRO_CAIRO_H 1
| #define _XOPEN_SOURCE 700
| #define __BSD_VISIBLE 1
| #define HAVE_LIBPTHREAD /**/
| /* end confdefs.h.  */
| 
| /* Override any GCC internal prototype to avoid an error.
|    Use char because int might match the return type of a GCC
|    builtin and then its argument prototype would still apply.  */
| #ifdef __cplusplus
| extern "C"
| #endif
| char CU_run_test ();
| int
| main ()
| {
| return CU_run_test ();
|   ;
|   return 0;
| }
configure:13686: result: no
configure:13706: checking for clock_gettime
configure:13706: gcc -o conftest -g -O2   conftest.c  >&5
configure:13706: $? = 0
configure:13706: result: yes
configure:13706: checking for gettimeofday
configure:13706: gcc -o conftest -g -O2   conftest.c  >&5
configure:13706: $? = 0
configure:13706: result: yes
configure:13706: checking for memmove
configure:13706: gcc -o conftest -g -O2   conftest.c  >&5
conftest.c:60:6: warning: conflicting types for built-in function 'memmove'; expected 'void *(void *, const void *, long unsigned int)' [-Wbuiltin-declaration-mismatch]
   60 | char memmove ();
      |      ^~~~~~~
conftest.c:48:1: note: 'memmove' is declared in header '<string.h>'
   47 | # include <limits.h>
   48 | #else
configure:13706: $? = 0
configure:13706: result: yes
configure:13706: checking for memset
configure:13706: gcc -o conftest -g -O2   conftest.c  >&5
conftest.c:61:6: warning: conflicting types for built-in function 'memset'; expected 'void *(void *, int,  long unsigned int)' [-Wbuiltin-declaration-mismatch]
   61 | char memset ();
      |      ^~~~~~
conftest.c:49:1: note: 'memset' is declared in header '<string.h>'
   48 | # include <limits.h>
   49 | #else
configure:13706: $? = 0
configure:13706: result: yes
configure:13706: checking for select
configure:13706: gcc -o conftest -g -O2   conftest.c  >&5
configure:13706: $? = 0
configure:13706: result: yes
configure:13706: checking for strdup
configure:13706: gcc -o conftest -g -O2   conftest.c  >&5
conftest.c:63:6: warning: conflicting types for built-in function 'strdup'; expected 'char *(const char *)' [-Wbuiltin-declaration-mismatch]
   63 | char strdup ();
      |      ^~~~~~
configure:13706: $? = 0
configure:13706: result: yes
configure:13706: checking for nanosleep
configure:13706: gcc -o conftest -g -O2   conftest.c  >&5
configure:13706: $? = 0
configure:13706: result: yes
configure:13716: checking whether png_get_io_ptr is declared
configure:13716: gcc -c -g -O2  conftest.c >&5
configure:13716: $? = 0
configure:13716: result: yes
configure:13725: checking whether cairo_format_stride_for_width is declared
configure:13725: gcc -c -g -O2  conftest.c >&5
configure:13725: $? = 0
configure:13725: result: yes
configure:13734: checking whether poll is declared
configure:13734: gcc -c -g -O2  conftest.c >&5
configure:13734: $? = 0
configure:13734: result: yes
configure:13743: checking whether strlcpy is declared
configure:13743: gcc -c -g -O2  conftest.c >&5
conftest.c: In function 'main':
conftest.c:54:10: error: 'strlcpy' undeclared (first use in this function); did you mean 'strncpy'?
   54 |   (void) strlcpy;
      |          ^~~~~~~
      |          strncpy
conftest.c:54:10: note: each undeclared identifier is reported only once for each function it appears in
configure:13743: $? = 1
configure: failed program was:
| /* confdefs.h */
| #define PACKAGE_NAME "guacamole-server"
| #define PACKAGE_TARNAME "guacamole-server"
| #define PACKAGE_VERSION "1.2.0"
| #define PACKAGE_STRING "guacamole-server 1.2.0"
| #define PACKAGE_BUGREPORT ""
| #define PACKAGE_URL ""
| #define PACKAGE "guacamole-server"
| #define VERSION "1.2.0"
| #define STDC_HEADERS 1
| #define HAVE_SYS_TYPES_H 1
| #define HAVE_SYS_STAT_H 1
| #define HAVE_STDLIB_H 1
| #define HAVE_STRING_H 1
| #define HAVE_MEMORY_H 1
| #define HAVE_STRINGS_H 1
| #define HAVE_INTTYPES_H 1
| #define HAVE_STDINT_H 1
| #define HAVE_UNISTD_H 1
| #define HAVE_DLFCN_H 1
| #define LT_OBJDIR ".libs/"
| #define HAVE_FCNTL_H 1
| #define HAVE_STDLIB_H 1
| #define HAVE_STRING_H 1
| #define HAVE_SYS_SOCKET_H 1
| #define HAVE_TIME_H 1
| #define HAVE_SYS_TIME_H 1
| #define HAVE_SYSLOG_H 1
| #define HAVE_UNISTD_H 1
| #define HAVE_CAIRO_CAIRO_H 1
| #define _XOPEN_SOURCE 700
| #define __BSD_VISIBLE 1
| #define HAVE_LIBPTHREAD /**/
| #define HAVE_CLOCK_GETTIME 1
| #define HAVE_GETTIMEOFDAY 1
| #define HAVE_MEMMOVE 1
| #define HAVE_MEMSET 1
| #define HAVE_SELECT 1
| #define HAVE_STRDUP 1
| #define HAVE_NANOSLEEP 1
| #define HAVE_PNG_GET_IO_PTR /**/
| #define HAVE_CAIRO_FORMAT_STRIDE_FOR_WIDTH /**/
| #define HAVE_POLL /**/
| /* end confdefs.h.  */
| #include <string.h>
| 
| int
| main ()
| {
| #ifndef strlcpy
| #ifdef __cplusplus
|   (void) strlcpy;
| #else
|   (void) strlcpy;
| #endif
| #endif
| 
|   ;
|   return 0;
| }
configure:13743: result: no
configure:13752: checking whether strlcat is declared
configure:13752: gcc -c -g -O2  conftest.c >&5
conftest.c: In function 'main':
conftest.c:54:10: error: 'strlcat' undeclared (first use in this function); did you mean 'strncat'?
   54 |   (void) strlcat;
      |          ^~~~~~~
      |          strncat
conftest.c:54:10: note: each undeclared identifier is reported only once for each function it appears in
configure:13752: $? = 1
configure: failed program was:
| /* confdefs.h */
| #define PACKAGE_NAME "guacamole-server"
| #define PACKAGE_TARNAME "guacamole-server"
| #define PACKAGE_VERSION "1.2.0"
| #define PACKAGE_STRING "guacamole-server 1.2.0"
| #define PACKAGE_BUGREPORT ""
| #define PACKAGE_URL ""
| #define PACKAGE "guacamole-server"
| #define VERSION "1.2.0"
| #define STDC_HEADERS 1
| #define HAVE_SYS_TYPES_H 1
| #define HAVE_SYS_STAT_H 1
| #define HAVE_STDLIB_H 1
| #define HAVE_STRING_H 1
| #define HAVE_MEMORY_H 1
| #define HAVE_STRINGS_H 1
| #define HAVE_INTTYPES_H 1
| #define HAVE_STDINT_H 1
| #define HAVE_UNISTD_H 1
| #define HAVE_DLFCN_H 1
| #define LT_OBJDIR ".libs/"
| #define HAVE_FCNTL_H 1
| #define HAVE_STDLIB_H 1
| #define HAVE_STRING_H 1
| #define HAVE_SYS_SOCKET_H 1
| #define HAVE_TIME_H 1
| #define HAVE_SYS_TIME_H 1
| #define HAVE_SYSLOG_H 1
| #define HAVE_UNISTD_H 1
| #define HAVE_CAIRO_CAIRO_H 1
| #define _XOPEN_SOURCE 700
| #define __BSD_VISIBLE 1
| #define HAVE_LIBPTHREAD /**/
| #define HAVE_CLOCK_GETTIME 1
| #define HAVE_GETTIMEOFDAY 1
| #define HAVE_MEMMOVE 1
| #define HAVE_MEMSET 1
| #define HAVE_SELECT 1
| #define HAVE_STRDUP 1
| #define HAVE_NANOSLEEP 1
| #define HAVE_PNG_GET_IO_PTR /**/
| #define HAVE_CAIRO_FORMAT_STRIDE_FOR_WIDTH /**/
| #define HAVE_POLL /**/
| /* end confdefs.h.  */
| #include <string.h>
| 
| int
| main ()
| {
| #ifndef strlcat
| #ifdef __cplusplus
|   (void) strlcat;
| #else
|   (void) strlcat;
| #endif
| #endif
| 
|   ;
|   return 0;
| }
configure:13752: result: no
configure:13762: checking for size_t
configure:13762: gcc -c -g -O2  conftest.c >&5
configure:13762: $? = 0
configure:13762: gcc -c -g -O2  conftest.c >&5
conftest.c: In function 'main':
conftest.c:81:21: error: expected expression before ')' token
   81 | if (sizeof ((size_t)))
      |                     ^
configure:13762: $? = 1
configure: failed program was:
| /* confdefs.h */
| #define PACKAGE_NAME "guacamole-server"
| #define PACKAGE_TARNAME "guacamole-server"
| #define PACKAGE_VERSION "1.2.0"
| #define PACKAGE_STRING "guacamole-server 1.2.0"
| #define PACKAGE_BUGREPORT ""
| #define PACKAGE_URL ""
| #define PACKAGE "guacamole-server"
| #define VERSION "1.2.0"
| #define STDC_HEADERS 1
| #define HAVE_SYS_TYPES_H 1
| #define HAVE_SYS_STAT_H 1
| #define HAVE_STDLIB_H 1
| #define HAVE_STRING_H 1
| #define HAVE_MEMORY_H 1
| #define HAVE_STRINGS_H 1
| #define HAVE_INTTYPES_H 1
| #define HAVE_STDINT_H 1
| #define HAVE_UNISTD_H 1
| #define HAVE_DLFCN_H 1
| #define LT_OBJDIR ".libs/"
| #define HAVE_FCNTL_H 1
| #define HAVE_STDLIB_H 1
| #define HAVE_STRING_H 1
| #define HAVE_SYS_SOCKET_H 1
| #define HAVE_TIME_H 1
| #define HAVE_SYS_TIME_H 1
| #define HAVE_SYSLOG_H 1
| #define HAVE_UNISTD_H 1
| #define HAVE_CAIRO_CAIRO_H 1
| #define _XOPEN_SOURCE 700
| #define __BSD_VISIBLE 1
| #define HAVE_LIBPTHREAD /**/
| #define HAVE_CLOCK_GETTIME 1
| #define HAVE_GETTIMEOFDAY 1
| #define HAVE_MEMMOVE 1
| #define HAVE_MEMSET 1
| #define HAVE_SELECT 1
| #define HAVE_STRDUP 1
| #define HAVE_NANOSLEEP 1
| #define HAVE_PNG_GET_IO_PTR /**/
| #define HAVE_CAIRO_FORMAT_STRIDE_FOR_WIDTH /**/
| #define HAVE_POLL /**/
| /* end confdefs.h.  */
| #include <stdio.h>
| #ifdef HAVE_SYS_TYPES_H
| # include <sys/types.h>
| #endif
| #ifdef HAVE_SYS_STAT_H
| # include <sys/stat.h>
| #endif
| #ifdef STDC_HEADERS
| # include <stdlib.h>
| # include <stddef.h>
| #else
| # ifdef HAVE_STDLIB_H
| #  include <stdlib.h>
| # endif
| #endif
| #ifdef HAVE_STRING_H
| # if !defined STDC_HEADERS && defined HAVE_MEMORY_H
| #  include <memory.h>
| # endif
| # include <string.h>
| #endif
| #ifdef HAVE_STRINGS_H
| # include <strings.h>
| #endif
| #ifdef HAVE_INTTYPES_H
| # include <inttypes.h>
| #endif
| #ifdef HAVE_STDINT_H
| # include <stdint.h>
| #endif
| #ifdef HAVE_UNISTD_H
| # include <unistd.h>
| #endif
| int
| main ()
| {
| if (sizeof ((size_t)))
| 	    return 0;
|   ;
|   return 0;
| }
configure:13762: result: yes
configure:13773: checking for ssize_t
configure:13773: gcc -c -g -O2  conftest.c >&5
configure:13773: $? = 0
configure:13773: gcc -c -g -O2  conftest.c >&5
conftest.c: In function 'main':
conftest.c:81:22: error: expected expression before ')' token
   81 | if (sizeof ((ssize_t)))
      |                      ^
configure:13773: $? = 1
configure: failed program was:
| /* confdefs.h */
| #define PACKAGE_NAME "guacamole-server"
| #define PACKAGE_TARNAME "guacamole-server"
| #define PACKAGE_VERSION "1.2.0"
| #define PACKAGE_STRING "guacamole-server 1.2.0"
| #define PACKAGE_BUGREPORT ""
| #define PACKAGE_URL ""
| #define PACKAGE "guacamole-server"
| #define VERSION "1.2.0"
| #define STDC_HEADERS 1
| #define HAVE_SYS_TYPES_H 1
| #define HAVE_SYS_STAT_H 1
| #define HAVE_STDLIB_H 1
| #define HAVE_STRING_H 1
| #define HAVE_MEMORY_H 1
| #define HAVE_STRINGS_H 1
| #define HAVE_INTTYPES_H 1
| #define HAVE_STDINT_H 1
| #define HAVE_UNISTD_H 1
| #define HAVE_DLFCN_H 1
| #define LT_OBJDIR ".libs/"
| #define HAVE_FCNTL_H 1
| #define HAVE_STDLIB_H 1
| #define HAVE_STRING_H 1
| #define HAVE_SYS_SOCKET_H 1
| #define HAVE_TIME_H 1
| #define HAVE_SYS_TIME_H 1
| #define HAVE_SYSLOG_H 1
| #define HAVE_UNISTD_H 1
| #define HAVE_CAIRO_CAIRO_H 1
| #define _XOPEN_SOURCE 700
| #define __BSD_VISIBLE 1
| #define HAVE_LIBPTHREAD /**/
| #define HAVE_CLOCK_GETTIME 1
| #define HAVE_GETTIMEOFDAY 1
| #define HAVE_MEMMOVE 1
| #define HAVE_MEMSET 1
| #define HAVE_SELECT 1
| #define HAVE_STRDUP 1
| #define HAVE_NANOSLEEP 1
| #define HAVE_PNG_GET_IO_PTR /**/
| #define HAVE_CAIRO_FORMAT_STRIDE_FOR_WIDTH /**/
| #define HAVE_POLL /**/
| /* end confdefs.h.  */
| #include <stdio.h>
| #ifdef HAVE_SYS_TYPES_H
| # include <sys/types.h>
| #endif
| #ifdef HAVE_SYS_STAT_H
| # include <sys/stat.h>
| #endif
| #ifdef STDC_HEADERS
| # include <stdlib.h>
| # include <stddef.h>
| #else
| # ifdef HAVE_STDLIB_H
| #  include <stdlib.h>
| # endif
| #endif
| #ifdef HAVE_STRING_H
| # if !defined STDC_HEADERS && defined HAVE_MEMORY_H
| #  include <memory.h>
| # endif
| # include <string.h>
| #endif
| #ifdef HAVE_STRINGS_H
| # include <strings.h>
| #endif
| #ifdef HAVE_INTTYPES_H
| # include <inttypes.h>
| #endif
| #ifdef HAVE_STDINT_H
| # include <stdint.h>
| #endif
| #ifdef HAVE_UNISTD_H
| # include <unistd.h>
| #endif
| int
| main ()
| {
| if (sizeof ((ssize_t)))
| 	    return 0;
|   ;
|   return 0;
| }
configure:13773: result: yes
configure:13941: checking for pkg-config
configure:13959: found /usr/bin/pkg-config
configure:13971: result: /usr/bin/pkg-config
configure:13996: checking pkg-config is at least version 0.9.0
configure:13999: result: yes
configure:14009: checking for AVCODEC
configure:14016: $PKG_CONFIG --exists --print-errors "libavcodec"
configure:14019: $? = 0
configure:14033: $PKG_CONFIG --exists --print-errors "libavcodec"
configure:14036: $? = 0
configure:14074: result: yes
configure:14106: checking for AVFORMAT
configure:14113: $PKG_CONFIG --exists --print-errors "libavformat"
configure:14116: $? = 0
configure:14130: $PKG_CONFIG --exists --print-errors "libavformat"
configure:14133: $? = 0
configure:14171: result: yes
configure:14205: checking for AVUTIL
configure:14212: $PKG_CONFIG --exists --print-errors "libavutil"
configure:14215: $? = 0
configure:14229: $PKG_CONFIG --exists --print-errors "libavutil"
configure:14232: $? = 0
configure:14270: result: yes
configure:14304: checking for SWSCALE
configure:14311: $PKG_CONFIG --exists --print-errors "libswscale"
configure:14314: $? = 0
configure:14328: $PKG_CONFIG --exists --print-errors "libswscale"
configure:14331: $? = 0
configure:14369: result: yes
configure:14403: checking openssl/ssl.h usability
configure:14403: gcc -c -g -O2  conftest.c >&5
configure:14403: $? = 0
configure:14403: result: yes
configure:14403: checking openssl/ssl.h presence
configure:14403: gcc -E  conftest.c
configure:14403: $? = 0
configure:14403: result: yes
configure:14403: checking for openssl/ssl.h
configure:14403: result: yes
configure:14411: checking for SSL_CTX_new in -lssl
configure:14436: gcc -o conftest -g -O2   conftest.c -lssl   >&5
configure:14436: $? = 0
configure:14445: result: yes
configure:14472: checking whether DSA_SIG_get0 is declared
configure:14472: gcc -c -g -O2  conftest.c >&5
conftest.c: In function 'main':
conftest.c:56:10: error: 'DSA_SIG_get0' undeclared (first use in this function); did you mean 'DSA_SIG_new'?
   56 |   (void) DSA_SIG_get0;
      |          ^~~~~~~~~~~~
      |          DSA_SIG_new
conftest.c:56:10: note: each undeclared identifier is reported only once for each function it appears in
configure:14472: $? = 1
configure: failed program was:
| /* confdefs.h */
| #define PACKAGE_NAME "guacamole-server"
| #define PACKAGE_TARNAME "guacamole-server"
| #define PACKAGE_VERSION "1.2.0"
| #define PACKAGE_STRING "guacamole-server 1.2.0"
| #define PACKAGE_BUGREPORT ""
| #define PACKAGE_URL ""
| #define PACKAGE "guacamole-server"
| #define VERSION "1.2.0"
| #define STDC_HEADERS 1
| #define HAVE_SYS_TYPES_H 1
| #define HAVE_SYS_STAT_H 1
| #define HAVE_STDLIB_H 1
| #define HAVE_STRING_H 1
| #define HAVE_MEMORY_H 1
| #define HAVE_STRINGS_H 1
| #define HAVE_INTTYPES_H 1
| #define HAVE_STDINT_H 1
| #define HAVE_UNISTD_H 1
| #define HAVE_DLFCN_H 1
| #define LT_OBJDIR ".libs/"
| #define HAVE_FCNTL_H 1
| #define HAVE_STDLIB_H 1
| #define HAVE_STRING_H 1
| #define HAVE_SYS_SOCKET_H 1
| #define HAVE_TIME_H 1
| #define HAVE_SYS_TIME_H 1
| #define HAVE_SYSLOG_H 1
| #define HAVE_UNISTD_H 1
| #define HAVE_CAIRO_CAIRO_H 1
| #define _XOPEN_SOURCE 700
| #define __BSD_VISIBLE 1
| #define HAVE_LIBPTHREAD /**/
| #define HAVE_CLOCK_GETTIME 1
| #define HAVE_GETTIMEOFDAY 1
| #define HAVE_MEMMOVE 1
| #define HAVE_MEMSET 1
| #define HAVE_SELECT 1
| #define HAVE_STRDUP 1
| #define HAVE_NANOSLEEP 1
| #define HAVE_PNG_GET_IO_PTR /**/
| #define HAVE_CAIRO_FORMAT_STRIDE_FOR_WIDTH /**/
| #define HAVE_POLL /**/
| #define GUACD_CONF_FILE "/etc/guacamole/guacd.conf"
| #define ENABLE_SSL /**/
| /* end confdefs.h.  */
| #include <openssl/dsa.h>
| 
| int
| main ()
| {
| #ifndef DSA_SIG_get0
| #ifdef __cplusplus
|   (void) DSA_SIG_get0;
| #else
|   (void) DSA_SIG_get0;
| #endif
| #endif
| 
|   ;
|   return 0;
| }
configure:14472: result: no
configure:14482: checking whether DSA_get0_pqg is declared
configure:14482: gcc -c -g -O2  conftest.c >&5
conftest.c: In function 'main':
conftest.c:56:10: error: 'DSA_get0_pqg' undeclared (first use in this function)
   56 |   (void) DSA_get0_pqg;
      |          ^~~~~~~~~~~~
conftest.c:56:10: note: each undeclared identifier is reported only once for each function it appears in
configure:14482: $? = 1
configure: failed program was:
| /* confdefs.h */
| #define PACKAGE_NAME "guacamole-server"
| #define PACKAGE_TARNAME "guacamole-server"
| #define PACKAGE_VERSION "1.2.0"
| #define PACKAGE_STRING "guacamole-server 1.2.0"
| #define PACKAGE_BUGREPORT ""
| #define PACKAGE_URL ""
| #define PACKAGE "guacamole-server"
| #define VERSION "1.2.0"
| #define STDC_HEADERS 1
| #define HAVE_SYS_TYPES_H 1
| #define HAVE_SYS_STAT_H 1
| #define HAVE_STDLIB_H 1
| #define HAVE_STRING_H 1
| #define HAVE_MEMORY_H 1
| #define HAVE_STRINGS_H 1
| #define HAVE_INTTYPES_H 1
| #define HAVE_STDINT_H 1
| #define HAVE_UNISTD_H 1
| #define HAVE_DLFCN_H 1
| #define LT_OBJDIR ".libs/"
| #define HAVE_FCNTL_H 1
| #define HAVE_STDLIB_H 1
| #define HAVE_STRING_H 1
| #define HAVE_SYS_SOCKET_H 1
| #define HAVE_TIME_H 1
| #define HAVE_SYS_TIME_H 1
| #define HAVE_SYSLOG_H 1
| #define HAVE_UNISTD_H 1
| #define HAVE_CAIRO_CAIRO_H 1
| #define _XOPEN_SOURCE 700
| #define __BSD_VISIBLE 1
| #define HAVE_LIBPTHREAD /**/
| #define HAVE_CLOCK_GETTIME 1
| #define HAVE_GETTIMEOFDAY 1
| #define HAVE_MEMMOVE 1
| #define HAVE_MEMSET 1
| #define HAVE_SELECT 1
| #define HAVE_STRDUP 1
| #define HAVE_NANOSLEEP 1
| #define HAVE_PNG_GET_IO_PTR /**/
| #define HAVE_CAIRO_FORMAT_STRIDE_FOR_WIDTH /**/
| #define HAVE_POLL /**/
| #define GUACD_CONF_FILE "/etc/guacamole/guacd.conf"
| #define ENABLE_SSL /**/
| /* end confdefs.h.  */
| #include <openssl/dsa.h>
| 
| int
| main ()
| {
| #ifndef DSA_get0_pqg
| #ifdef __cplusplus
|   (void) DSA_get0_pqg;
| #else
|   (void) DSA_get0_pqg;
| #endif
| #endif
| 
|   ;
|   return 0;
| }
configure:14482: result: no
configure:14492: checking whether DSA_get0_key is declared
configure:14492: gcc -c -g -O2  conftest.c >&5
conftest.c: In function 'main':
conftest.c:56:10: error: 'DSA_get0_key' undeclared (first use in this function); did you mean 'DSA_generate_key'?
   56 |   (void) DSA_get0_key;
      |          ^~~~~~~~~~~~
      |          DSA_generate_key
conftest.c:56:10: note: each undeclared identifier is reported only once for each function it appears in
configure:14492: $? = 1
configure: failed program was:
| /* confdefs.h */
| #define PACKAGE_NAME "guacamole-server"
| #define PACKAGE_TARNAME "guacamole-server"
| #define PACKAGE_VERSION "1.2.0"
| #define PACKAGE_STRING "guacamole-server 1.2.0"
| #define PACKAGE_BUGREPORT ""
| #define PACKAGE_URL ""
| #define PACKAGE "guacamole-server"
| #define VERSION "1.2.0"
| #define STDC_HEADERS 1
| #define HAVE_SYS_TYPES_H 1
| #define HAVE_SYS_STAT_H 1
| #define HAVE_STDLIB_H 1
| #define HAVE_STRING_H 1
| #define HAVE_MEMORY_H 1
| #define HAVE_STRINGS_H 1
| #define HAVE_INTTYPES_H 1
| #define HAVE_STDINT_H 1
| #define HAVE_UNISTD_H 1
| #define HAVE_DLFCN_H 1
| #define LT_OBJDIR ".libs/"
| #define HAVE_FCNTL_H 1
| #define HAVE_STDLIB_H 1
| #define HAVE_STRING_H 1
| #define HAVE_SYS_SOCKET_H 1
| #define HAVE_TIME_H 1
| #define HAVE_SYS_TIME_H 1
| #define HAVE_SYSLOG_H 1
| #define HAVE_UNISTD_H 1
| #define HAVE_CAIRO_CAIRO_H 1
| #define _XOPEN_SOURCE 700
| #define __BSD_VISIBLE 1
| #define HAVE_LIBPTHREAD /**/
| #define HAVE_CLOCK_GETTIME 1
| #define HAVE_GETTIMEOFDAY 1
| #define HAVE_MEMMOVE 1
| #define HAVE_MEMSET 1
| #define HAVE_SELECT 1
| #define HAVE_STRDUP 1
| #define HAVE_NANOSLEEP 1
| #define HAVE_PNG_GET_IO_PTR /**/
| #define HAVE_CAIRO_FORMAT_STRIDE_FOR_WIDTH /**/
| #define HAVE_POLL /**/
| #define GUACD_CONF_FILE "/etc/guacamole/guacd.conf"
| #define ENABLE_SSL /**/
| /* end confdefs.h.  */
| #include <openssl/dsa.h>
| 
| int
| main ()
| {
| #ifndef DSA_get0_key
| #ifdef __cplusplus
|   (void) DSA_get0_key;
| #else
|   (void) DSA_get0_key;
| #endif
| #endif
| 
|   ;
|   return 0;
| }
configure:14492: result: no
configure:14502: checking whether RSA_get0_key is declared
configure:14502: gcc -c -g -O2  conftest.c >&5
conftest.c: In function 'main':
conftest.c:56:10: error: 'RSA_get0_key' undeclared (first use in this function); did you mean 'RSA_check_key'?
   56 |   (void) RSA_get0_key;
      |          ^~~~~~~~~~~~
      |          RSA_check_key
conftest.c:56:10: note: each undeclared identifier is reported only once for each function it appears in
configure:14502: $? = 1
configure: failed program was:
| /* confdefs.h */
| #define PACKAGE_NAME "guacamole-server"
| #define PACKAGE_TARNAME "guacamole-server"
| #define PACKAGE_VERSION "1.2.0"
| #define PACKAGE_STRING "guacamole-server 1.2.0"
| #define PACKAGE_BUGREPORT ""
| #define PACKAGE_URL ""
| #define PACKAGE "guacamole-server"
| #define VERSION "1.2.0"
| #define STDC_HEADERS 1
| #define HAVE_SYS_TYPES_H 1
| #define HAVE_SYS_STAT_H 1
| #define HAVE_STDLIB_H 1
| #define HAVE_STRING_H 1
| #define HAVE_MEMORY_H 1
| #define HAVE_STRINGS_H 1
| #define HAVE_INTTYPES_H 1
| #define HAVE_STDINT_H 1
| #define HAVE_UNISTD_H 1
| #define HAVE_DLFCN_H 1
| #define LT_OBJDIR ".libs/"
| #define HAVE_FCNTL_H 1
| #define HAVE_STDLIB_H 1
| #define HAVE_STRING_H 1
| #define HAVE_SYS_SOCKET_H 1
| #define HAVE_TIME_H 1
| #define HAVE_SYS_TIME_H 1
| #define HAVE_SYSLOG_H 1
| #define HAVE_UNISTD_H 1
| #define HAVE_CAIRO_CAIRO_H 1
| #define _XOPEN_SOURCE 700
| #define __BSD_VISIBLE 1
| #define HAVE_LIBPTHREAD /**/
| #define HAVE_CLOCK_GETTIME 1
| #define HAVE_GETTIMEOFDAY 1
| #define HAVE_MEMMOVE 1
| #define HAVE_MEMSET 1
| #define HAVE_SELECT 1
| #define HAVE_STRDUP 1
| #define HAVE_NANOSLEEP 1
| #define HAVE_PNG_GET_IO_PTR /**/
| #define HAVE_CAIRO_FORMAT_STRIDE_FOR_WIDTH /**/
| #define HAVE_POLL /**/
| #define GUACD_CONF_FILE "/etc/guacamole/guacd.conf"
| #define ENABLE_SSL /**/
| /* end confdefs.h.  */
| #include <openssl/rsa.h>
| 
| int
| main ()
| {
| #ifndef RSA_get0_key
| #ifdef __cplusplus
|   (void) RSA_get0_key;
| #else
|   (void) RSA_get0_key;
| #endif
| #endif
| 
|   ;
|   return 0;
| }
configure:14502: result: no
configure:14512: checking whether libssl requires threading callbacks
configure:14530: gcc -c -g -O2  conftest.c >&5
conftest.c:52:14: error: #error Threading callbacks required.
   52 |             #error Threading callbacks required.
      |              ^~~~~
configure:14530: $? = 1
configure: failed program was:
| /* confdefs.h */
| #define PACKAGE_NAME "guacamole-server"
| #define PACKAGE_TARNAME "guacamole-server"
| #define PACKAGE_VERSION "1.2.0"
| #define PACKAGE_STRING "guacamole-server 1.2.0"
| #define PACKAGE_BUGREPORT ""
| #define PACKAGE_URL ""
| #define PACKAGE "guacamole-server"
| #define VERSION "1.2.0"
| #define STDC_HEADERS 1
| #define HAVE_SYS_TYPES_H 1
| #define HAVE_SYS_STAT_H 1
| #define HAVE_STDLIB_H 1
| #define HAVE_STRING_H 1
| #define HAVE_MEMORY_H 1
| #define HAVE_STRINGS_H 1
| #define HAVE_INTTYPES_H 1
| #define HAVE_STDINT_H 1
| #define HAVE_UNISTD_H 1
| #define HAVE_DLFCN_H 1
| #define LT_OBJDIR ".libs/"
| #define HAVE_FCNTL_H 1
| #define HAVE_STDLIB_H 1
| #define HAVE_STRING_H 1
| #define HAVE_SYS_SOCKET_H 1
| #define HAVE_TIME_H 1
| #define HAVE_SYS_TIME_H 1
| #define HAVE_SYSLOG_H 1
| #define HAVE_UNISTD_H 1
| #define HAVE_CAIRO_CAIRO_H 1
| #define _XOPEN_SOURCE 700
| #define __BSD_VISIBLE 1
| #define HAVE_LIBPTHREAD /**/
| #define HAVE_CLOCK_GETTIME 1
| #define HAVE_GETTIMEOFDAY 1
| #define HAVE_MEMMOVE 1
| #define HAVE_MEMSET 1
| #define HAVE_SELECT 1
| #define HAVE_STRDUP 1
| #define HAVE_NANOSLEEP 1
| #define HAVE_PNG_GET_IO_PTR /**/
| #define HAVE_CAIRO_FORMAT_STRIDE_FOR_WIDTH /**/
| #define HAVE_POLL /**/
| #define GUACD_CONF_FILE "/etc/guacamole/guacd.conf"
| #define ENABLE_SSL /**/
| /* end confdefs.h.  */
| 
| 
|             #include <openssl/opensslv.h>
| 
|             #if OPENSSL_VERSION_NUMBER < 0x10100000L
|             #error Threading callbacks required.
|             #endif
| 
|             int main() {
|                 return 0;
|             }
| 
| 
configure:14534: result: yes
configure:14573: checking for main in -lwsock32
configure:14592: gcc -o conftest -g -O2   conftest.c -lwsock32   >&5
/opt/rh/devtoolset-9/root/usr/libexec/gcc/x86_64-redhat-linux/9/ld: cannot find -lwsock32
collect2: error: ld returned 1 exit status
configure:14592: $? = 1
configure: failed program was:
| /* confdefs.h */
| #define PACKAGE_NAME "guacamole-server"
| #define PACKAGE_TARNAME "guacamole-server"
| #define PACKAGE_VERSION "1.2.0"
| #define PACKAGE_STRING "guacamole-server 1.2.0"
| #define PACKAGE_BUGREPORT ""
| #define PACKAGE_URL ""
| #define PACKAGE "guacamole-server"
| #define VERSION "1.2.0"
| #define STDC_HEADERS 1
| #define HAVE_SYS_TYPES_H 1
| #define HAVE_SYS_STAT_H 1
| #define HAVE_STDLIB_H 1
| #define HAVE_STRING_H 1
| #define HAVE_MEMORY_H 1
| #define HAVE_STRINGS_H 1
| #define HAVE_INTTYPES_H 1
| #define HAVE_STDINT_H 1
| #define HAVE_UNISTD_H 1
| #define HAVE_DLFCN_H 1
| #define LT_OBJDIR ".libs/"
| #define HAVE_FCNTL_H 1
| #define HAVE_STDLIB_H 1
| #define HAVE_STRING_H 1
| #define HAVE_SYS_SOCKET_H 1
| #define HAVE_TIME_H 1
| #define HAVE_SYS_TIME_H 1
| #define HAVE_SYSLOG_H 1
| #define HAVE_UNISTD_H 1
| #define HAVE_CAIRO_CAIRO_H 1
| #define _XOPEN_SOURCE 700
| #define __BSD_VISIBLE 1
| #define HAVE_LIBPTHREAD /**/
| #define HAVE_CLOCK_GETTIME 1
| #define HAVE_GETTIMEOFDAY 1
| #define HAVE_MEMMOVE 1
| #define HAVE_MEMSET 1
| #define HAVE_SELECT 1
| #define HAVE_STRDUP 1
| #define HAVE_NANOSLEEP 1
| #define HAVE_PNG_GET_IO_PTR /**/
| #define HAVE_CAIRO_FORMAT_STRIDE_FOR_WIDTH /**/
| #define HAVE_POLL /**/
| #define GUACD_CONF_FILE "/etc/guacamole/guacd.conf"
| #define ENABLE_SSL /**/
| #define OPENSSL_REQUIRES_THREADING_CALLBACKS /**/
| /* end confdefs.h.  */
| 
| 
| int
| main ()
| {
| return main ();
|   ;
|   return 0;
| }
configure:14601: result: no
configure:14643: checking vorbis/vorbisenc.h usability
configure:14643: gcc -c -g -O2  conftest.c >&5
configure:14643: $? = 0
configure:14643: result: yes
configure:14643: checking vorbis/vorbisenc.h presence
configure:14643: gcc -E  conftest.c
configure:14643: $? = 0
configure:14643: result: yes
configure:14643: checking for vorbis/vorbisenc.h
configure:14643: result: yes
configure:14651: checking for ogg_stream_init in -logg
configure:14676: gcc -o conftest -g -O2   conftest.c -logg   >&5
configure:14676: $? = 0
configure:14685: result: yes
configure:14693: checking for vorbis_block_init in -lvorbis
configure:14718: gcc -o conftest -g -O2   conftest.c -lvorbis   >&5
configure:14718: $? = 0
configure:14727: result: yes
configure:14735: checking for vorbis_encode_init in -lvorbisenc
configure:14760: gcc -o conftest -g -O2   conftest.c -lvorbisenc   >&5
configure:14760: $? = 0
configure:14769: result: yes
configure:14826: checking for pa_context_new in -lpulse
configure:14851: gcc -o conftest -g -O2   conftest.c -lpulse   >&5
configure:14851: $? = 0
configure:14860: result: yes
configure:14917: checking for PANGO
configure:14924: $PKG_CONFIG --exists --print-errors "pango"
configure:14927: $? = 0
configure:14941: $PKG_CONFIG --exists --print-errors "pango"
configure:14944: $? = 0
configure:14982: result: yes
configure:14988: checking for PANGOCAIRO
configure:14995: $PKG_CONFIG --exists --print-errors "pangocairo"
configure:14998: $? = 0
configure:15012: $PKG_CONFIG --exists --print-errors "pangocairo"
configure:15015: $? = 0
configure:15053: result: yes
configure:15109: checking for rfbInitClient in -lvncclient
configure:15134: gcc -o conftest -g -O2   conftest.c -lvncclient   >&5
configure:15134: $? = 0
configure:15143: result: yes
configure:15171: checking for rfbClient.destHost
configure:15171: gcc -c -g -O2  conftest.c >&5
configure:15171: $? = 0
configure:15171: result: yes
configure:15183: checking for rfbClient.destPort
configure:15183: gcc -c -g -O2  conftest.c >&5
configure:15183: $? = 0
configure:15183: result: yes
configure:15225: checking whether listenForIncomingConnectionsNoFork is declared
configure:15225: gcc -c -g -O2  conftest.c >&5
configure:15225: $? = 0
configure:15225: result: yes
configure:15262: checking for rfbClient.LockWriteToTLS
configure:15262: gcc -c -g -O2  conftest.c >&5
conftest.c: In function 'main':
conftest.c:60:12: error: 'rfbClient' {aka 'struct _rfbClient'} has no member named 'LockWriteToTLS'
   60 | if (ac_aggr.LockWriteToTLS)
      |            ^
configure:15262: $? = 1
configure: failed program was:
| /* confdefs.h */
| #define PACKAGE_NAME "guacamole-server"
| #define PACKAGE_TARNAME "guacamole-server"
| #define PACKAGE_VERSION "1.2.0"
| #define PACKAGE_STRING "guacamole-server 1.2.0"
| #define PACKAGE_BUGREPORT ""
| #define PACKAGE_URL ""
| #define PACKAGE "guacamole-server"
| #define VERSION "1.2.0"
| #define STDC_HEADERS 1
| #define HAVE_SYS_TYPES_H 1
| #define HAVE_SYS_STAT_H 1
| #define HAVE_STDLIB_H 1
| #define HAVE_STRING_H 1
| #define HAVE_MEMORY_H 1
| #define HAVE_STRINGS_H 1
| #define HAVE_INTTYPES_H 1
| #define HAVE_STDINT_H 1
| #define HAVE_UNISTD_H 1
| #define HAVE_DLFCN_H 1
| #define LT_OBJDIR ".libs/"
| #define HAVE_FCNTL_H 1
| #define HAVE_STDLIB_H 1
| #define HAVE_STRING_H 1
| #define HAVE_SYS_SOCKET_H 1
| #define HAVE_TIME_H 1
| #define HAVE_SYS_TIME_H 1
| #define HAVE_SYSLOG_H 1
| #define HAVE_UNISTD_H 1
| #define HAVE_CAIRO_CAIRO_H 1
| #define _XOPEN_SOURCE 700
| #define __BSD_VISIBLE 1
| #define HAVE_LIBPTHREAD /**/
| #define HAVE_CLOCK_GETTIME 1
| #define HAVE_GETTIMEOFDAY 1
| #define HAVE_MEMMOVE 1
| #define HAVE_MEMSET 1
| #define HAVE_SELECT 1
| #define HAVE_STRDUP 1
| #define HAVE_NANOSLEEP 1
| #define HAVE_PNG_GET_IO_PTR /**/
| #define HAVE_CAIRO_FORMAT_STRIDE_FOR_WIDTH /**/
| #define HAVE_POLL /**/
| #define GUACD_CONF_FILE "/etc/guacamole/guacd.conf"
| #define ENABLE_SSL /**/
| #define OPENSSL_REQUIRES_THREADING_CALLBACKS /**/
| #define ENABLE_OGG /**/
| #define ENABLE_PULSE /**/
| #define HAVE_RFBCLIENT_DESTHOST 1
| #define HAVE_RFBCLIENT_DESTPORT 1
| #define ENABLE_VNC_REPEATER /**/
| #define ENABLE_VNC_LISTEN /**/
| /* end confdefs.h.  */
| #include <rfb/rfbclient.h>
| 
| int
| main ()
| {
| static rfbClient ac_aggr;
| if (ac_aggr.LockWriteToTLS)
| return 0;
|   ;
|   return 0;
| }
configure:15262: gcc -c -g -O2  conftest.c >&5
conftest.c: In function 'main':
conftest.c:60:19: error: 'rfbClient' {aka 'struct _rfbClient'} has no member named 'LockWriteToTLS'
   60 | if (sizeof ac_aggr.LockWriteToTLS)
      |                   ^
configure:15262: $? = 1
configure: failed program was:
| /* confdefs.h */
| #define PACKAGE_NAME "guacamole-server"
| #define PACKAGE_TARNAME "guacamole-server"
| #define PACKAGE_VERSION "1.2.0"
| #define PACKAGE_STRING "guacamole-server 1.2.0"
| #define PACKAGE_BUGREPORT ""
| #define PACKAGE_URL ""
| #define PACKAGE "guacamole-server"
| #define VERSION "1.2.0"
| #define STDC_HEADERS 1
| #define HAVE_SYS_TYPES_H 1
| #define HAVE_SYS_STAT_H 1
| #define HAVE_STDLIB_H 1
| #define HAVE_STRING_H 1
| #define HAVE_MEMORY_H 1
| #define HAVE_STRINGS_H 1
| #define HAVE_INTTYPES_H 1
| #define HAVE_STDINT_H 1
| #define HAVE_UNISTD_H 1
| #define HAVE_DLFCN_H 1
| #define LT_OBJDIR ".libs/"
| #define HAVE_FCNTL_H 1
| #define HAVE_STDLIB_H 1
| #define HAVE_STRING_H 1
| #define HAVE_SYS_SOCKET_H 1
| #define HAVE_TIME_H 1
| #define HAVE_SYS_TIME_H 1
| #define HAVE_SYSLOG_H 1
| #define HAVE_UNISTD_H 1
| #define HAVE_CAIRO_CAIRO_H 1
| #define _XOPEN_SOURCE 700
| #define __BSD_VISIBLE 1
| #define HAVE_LIBPTHREAD /**/
| #define HAVE_CLOCK_GETTIME 1
| #define HAVE_GETTIMEOFDAY 1
| #define HAVE_MEMMOVE 1
| #define HAVE_MEMSET 1
| #define HAVE_SELECT 1
| #define HAVE_STRDUP 1
| #define HAVE_NANOSLEEP 1
| #define HAVE_PNG_GET_IO_PTR /**/
| #define HAVE_CAIRO_FORMAT_STRIDE_FOR_WIDTH /**/
| #define HAVE_POLL /**/
| #define GUACD_CONF_FILE "/etc/guacamole/guacd.conf"
| #define ENABLE_SSL /**/
| #define OPENSSL_REQUIRES_THREADING_CALLBACKS /**/
| #define ENABLE_OGG /**/
| #define ENABLE_PULSE /**/
| #define HAVE_RFBCLIENT_DESTHOST 1
| #define HAVE_RFBCLIENT_DESTPORT 1
| #define ENABLE_VNC_REPEATER /**/
| #define ENABLE_VNC_LISTEN /**/
| /* end confdefs.h.  */
| #include <rfb/rfbclient.h>
| 
| int
| main ()
| {
| static rfbClient ac_aggr;
| if (sizeof ac_aggr.LockWriteToTLS)
| return 0;
|   ;
|   return 0;
| }
configure:15262: result: no
configure:15274: checking for rfbClient.UnlockWriteToTLS
configure:15274: gcc -c -g -O2  conftest.c >&5
conftest.c: In function 'main':
conftest.c:60:12: error: 'rfbClient' {aka 'struct _rfbClient'} has no member named 'UnlockWriteToTLS'
   60 | if (ac_aggr.UnlockWriteToTLS)
      |            ^
configure:15274: $? = 1
configure: failed program was:
| /* confdefs.h */
| #define PACKAGE_NAME "guacamole-server"
| #define PACKAGE_TARNAME "guacamole-server"
| #define PACKAGE_VERSION "1.2.0"
| #define PACKAGE_STRING "guacamole-server 1.2.0"
| #define PACKAGE_BUGREPORT ""
| #define PACKAGE_URL ""
| #define PACKAGE "guacamole-server"
| #define VERSION "1.2.0"
| #define STDC_HEADERS 1
| #define HAVE_SYS_TYPES_H 1
| #define HAVE_SYS_STAT_H 1
| #define HAVE_STDLIB_H 1
| #define HAVE_STRING_H 1
| #define HAVE_MEMORY_H 1
| #define HAVE_STRINGS_H 1
| #define HAVE_INTTYPES_H 1
| #define HAVE_STDINT_H 1
| #define HAVE_UNISTD_H 1
| #define HAVE_DLFCN_H 1
| #define LT_OBJDIR ".libs/"
| #define HAVE_FCNTL_H 1
| #define HAVE_STDLIB_H 1
| #define HAVE_STRING_H 1
| #define HAVE_SYS_SOCKET_H 1
| #define HAVE_TIME_H 1
| #define HAVE_SYS_TIME_H 1
| #define HAVE_SYSLOG_H 1
| #define HAVE_UNISTD_H 1
| #define HAVE_CAIRO_CAIRO_H 1
| #define _XOPEN_SOURCE 700
| #define __BSD_VISIBLE 1
| #define HAVE_LIBPTHREAD /**/
| #define HAVE_CLOCK_GETTIME 1
| #define HAVE_GETTIMEOFDAY 1
| #define HAVE_MEMMOVE 1
| #define HAVE_MEMSET 1
| #define HAVE_SELECT 1
| #define HAVE_STRDUP 1
| #define HAVE_NANOSLEEP 1
| #define HAVE_PNG_GET_IO_PTR /**/
| #define HAVE_CAIRO_FORMAT_STRIDE_FOR_WIDTH /**/
| #define HAVE_POLL /**/
| #define GUACD_CONF_FILE "/etc/guacamole/guacd.conf"
| #define ENABLE_SSL /**/
| #define OPENSSL_REQUIRES_THREADING_CALLBACKS /**/
| #define ENABLE_OGG /**/
| #define ENABLE_PULSE /**/
| #define HAVE_RFBCLIENT_DESTHOST 1
| #define HAVE_RFBCLIENT_DESTPORT 1
| #define ENABLE_VNC_REPEATER /**/
| #define ENABLE_VNC_LISTEN /**/
| /* end confdefs.h.  */
| #include <rfb/rfbclient.h>
| 
| int
| main ()
| {
| static rfbClient ac_aggr;
| if (ac_aggr.UnlockWriteToTLS)
| return 0;
|   ;
|   return 0;
| }
configure:15274: gcc -c -g -O2  conftest.c >&5
conftest.c: In function 'main':
conftest.c:60:19: error: 'rfbClient' {aka 'struct _rfbClient'} has no member named 'UnlockWriteToTLS'
   60 | if (sizeof ac_aggr.UnlockWriteToTLS)
      |                   ^
configure:15274: $? = 1
configure: failed program was:
| /* confdefs.h */
| #define PACKAGE_NAME "guacamole-server"
| #define PACKAGE_TARNAME "guacamole-server"
| #define PACKAGE_VERSION "1.2.0"
| #define PACKAGE_STRING "guacamole-server 1.2.0"
| #define PACKAGE_BUGREPORT ""
| #define PACKAGE_URL ""
| #define PACKAGE "guacamole-server"
| #define VERSION "1.2.0"
| #define STDC_HEADERS 1
| #define HAVE_SYS_TYPES_H 1
| #define HAVE_SYS_STAT_H 1
| #define HAVE_STDLIB_H 1
| #define HAVE_STRING_H 1
| #define HAVE_MEMORY_H 1
| #define HAVE_STRINGS_H 1
| #define HAVE_INTTYPES_H 1
| #define HAVE_STDINT_H 1
| #define HAVE_UNISTD_H 1
| #define HAVE_DLFCN_H 1
| #define LT_OBJDIR ".libs/"
| #define HAVE_FCNTL_H 1
| #define HAVE_STDLIB_H 1
| #define HAVE_STRING_H 1
| #define HAVE_SYS_SOCKET_H 1
| #define HAVE_TIME_H 1
| #define HAVE_SYS_TIME_H 1
| #define HAVE_SYSLOG_H 1
| #define HAVE_UNISTD_H 1
| #define HAVE_CAIRO_CAIRO_H 1
| #define _XOPEN_SOURCE 700
| #define __BSD_VISIBLE 1
| #define HAVE_LIBPTHREAD /**/
| #define HAVE_CLOCK_GETTIME 1
| #define HAVE_GETTIMEOFDAY 1
| #define HAVE_MEMMOVE 1
| #define HAVE_MEMSET 1
| #define HAVE_SELECT 1
| #define HAVE_STRDUP 1
| #define HAVE_NANOSLEEP 1
| #define HAVE_PNG_GET_IO_PTR /**/
| #define HAVE_CAIRO_FORMAT_STRIDE_FOR_WIDTH /**/
| #define HAVE_POLL /**/
| #define GUACD_CONF_FILE "/etc/guacamole/guacd.conf"
| #define ENABLE_SSL /**/
| #define OPENSSL_REQUIRES_THREADING_CALLBACKS /**/
| #define ENABLE_OGG /**/
| #define ENABLE_PULSE /**/
| #define HAVE_RFBCLIENT_DESTHOST 1
| #define HAVE_RFBCLIENT_DESTPORT 1
| #define ENABLE_VNC_REPEATER /**/
| #define ENABLE_VNC_LISTEN /**/
| /* end confdefs.h.  */
| #include <rfb/rfbclient.h>
| 
| int
| main ()
| {
| static rfbClient ac_aggr;
| if (sizeof ac_aggr.UnlockWriteToTLS)
| return 0;
|   ;
|   return 0;
| }
configure:15274: result: no
configure:15295: WARNING:
      --------------------------------------------
       This version of libvncclient lacks support
       for TLS locking.  VNC connections that use
       TLS may experience instability as documented
       in GUACAMOLE-414
configure:15343: checking for RDP
configure:15350: $PKG_CONFIG --exists --print-errors "freerdp2 freerdp-client2 winpr2"
configure:15353: $? = 0
configure:15367: $PKG_CONFIG --exists --print-errors "freerdp2 freerdp-client2 winpr2"
configure:15370: $? = 0
configure:15428: result: yes
configure:15443: checking whether FreeRDPConvertColor is declared
configure:15443: gcc -c -g -O2 -I/usr/include/freerdp2/ -I/usr/include/winpr2   -Werror  conftest.c >&5
configure:15443: $? = 0
configure:15443: result: yes
configure:15464: checking whether Bitmap_Free() frees the rdpBitmap and its image data
configure:15483: result: no
configure:15497: checking whether rdpGlyph callbacks accept INT32 integer parameters
configure:15521: gcc -c -g -O2 -I/usr/include/freerdp2/ -I/usr/include/winpr2   -Werror  conftest.c >&5
configure:15521: $? = 0
configure:15522: result: yes
configure:15540: checking whether CLIPRDR callbacks require const for their final parameter
configure:15562: gcc -c -g -O2 -I/usr/include/freerdp2/ -I/usr/include/winpr2   -Werror  conftest.c >&5
configure:15562: $? = 0
configure:15563: result: yes
configure:15581: checking whether RAIL callbacks require const for their final parameter
configure:15603: gcc -c -g -O2 -I/usr/include/freerdp2/ -I/usr/include/winpr2   -Werror  conftest.c >&5
configure:15603: $? = 0
configure:15604: result: yes
configure:15620: checking for rdpSettings.AllowUnanouncedOrdersFromServer
configure:15620: gcc -c -g -O2 -I/usr/include/freerdp2/ -I/usr/include/winpr2   -Werror  conftest.c >&5
configure:15620: $? = 0
configure:15620: result: yes
configure:15688: checking for libssh2_session_init_ex in -lssh2
configure:15713: gcc -o conftest -g -O2   conftest.c -lssh2   >&5
configure:15713: $? = 0
configure:15722: result: yes
configure:15768: checking for gcry_control in -lssh2
configure:15793: gcc -o conftest -g -O2   conftest.c -lssh2   >&5
/opt/rh/devtoolset-9/root/usr/libexec/gcc/x86_64-redhat-linux/9/ld: /tmp/cc70g0SZ.o: in function `main':
/home/software/guacamole-server-1.2.0/conftest.c:71: undefined reference to `gcry_control'
collect2: error: ld returned 1 exit status
configure:15793: $? = 1
configure: failed program was:
| /* confdefs.h */
| #define PACKAGE_NAME "guacamole-server"
| #define PACKAGE_TARNAME "guacamole-server"
| #define PACKAGE_VERSION "1.2.0"
| #define PACKAGE_STRING "guacamole-server 1.2.0"
| #define PACKAGE_BUGREPORT ""
| #define PACKAGE_URL ""
| #define PACKAGE "guacamole-server"
| #define VERSION "1.2.0"
| #define STDC_HEADERS 1
| #define HAVE_SYS_TYPES_H 1
| #define HAVE_SYS_STAT_H 1
| #define HAVE_STDLIB_H 1
| #define HAVE_STRING_H 1
| #define HAVE_MEMORY_H 1
| #define HAVE_STRINGS_H 1
| #define HAVE_INTTYPES_H 1
| #define HAVE_STDINT_H 1
| #define HAVE_UNISTD_H 1
| #define HAVE_DLFCN_H 1
| #define LT_OBJDIR ".libs/"
| #define HAVE_FCNTL_H 1
| #define HAVE_STDLIB_H 1
| #define HAVE_STRING_H 1
| #define HAVE_SYS_SOCKET_H 1
| #define HAVE_TIME_H 1
| #define HAVE_SYS_TIME_H 1
| #define HAVE_SYSLOG_H 1
| #define HAVE_UNISTD_H 1
| #define HAVE_CAIRO_CAIRO_H 1
| #define _XOPEN_SOURCE 700
| #define __BSD_VISIBLE 1
| #define HAVE_LIBPTHREAD /**/
| #define HAVE_CLOCK_GETTIME 1
| #define HAVE_GETTIMEOFDAY 1
| #define HAVE_MEMMOVE 1
| #define HAVE_MEMSET 1
| #define HAVE_SELECT 1
| #define HAVE_STRDUP 1
| #define HAVE_NANOSLEEP 1
| #define HAVE_PNG_GET_IO_PTR /**/
| #define HAVE_CAIRO_FORMAT_STRIDE_FOR_WIDTH /**/
| #define HAVE_POLL /**/
| #define GUACD_CONF_FILE "/etc/guacamole/guacd.conf"
| #define ENABLE_SSL /**/
| #define OPENSSL_REQUIRES_THREADING_CALLBACKS /**/
| #define ENABLE_OGG /**/
| #define ENABLE_PULSE /**/
| #define HAVE_RFBCLIENT_DESTHOST 1
| #define HAVE_RFBCLIENT_DESTPORT 1
| #define ENABLE_VNC_REPEATER /**/
| #define ENABLE_VNC_LISTEN /**/
| #define HAVE_FREERDPCONVERTCOLOR /**/
| #define FREERDP_GLYPH_CALLBACKS_ACCEPT_INT32 /**/
| #define FREERDP_CLIPRDR_CALLBACKS_REQUIRE_CONST /**/
| #define FREERDP_RAIL_CALLBACKS_REQUIRE_CONST /**/
| #define HAVE_RDPSETTINGS_ALLOWUNANOUNCEDORDERSFROMSERVER 1
| #define ENABLE_COMMON_SSH /**/
| /* end confdefs.h.  */
| 
| /* Override any GCC internal prototype to avoid an error.
|    Use char because int might match the return type of a GCC
|    builtin and then its argument prototype would still apply.  */
| #ifdef __cplusplus
| extern "C"
| #endif
| char gcry_control ();
| int
| main ()
| {
| return gcry_control ();
|   ;
|   return 0;
| }
configure:15802: result: no
configure:15888: checking for telnet_init in -ltelnet
configure:15913: gcc -o conftest -g -O2   conftest.c -ltelnet   >&5
configure:15913: $? = 0
configure:15922: result: yes
configure:15963: checking webp/encode.h usability
configure:15963: gcc -c -g -O2  conftest.c >&5
configure:15963: $? = 0
configure:15963: result: yes
configure:15963: checking webp/encode.h presence
configure:15963: gcc -E  conftest.c
configure:15963: $? = 0
configure:15963: result: yes
configure:15963: checking for webp/encode.h
configure:15963: result: yes
configure:15971: checking for WebPEncode in -lwebp
configure:15996: gcc -o conftest -g -O2   conftest.c -lwebp   >&5
configure:15996: $? = 0
configure:16005: result: yes
configure:16061: checking for lws_create_context in -lwebsockets
configure:16086: gcc -o conftest -g -O2   conftest.c -lwebsockets   >&5
configure:16086: $? = 0
configure:16095: result: yes
configure:16121: checking whether LWS_CALLBACK_CLIENT_CLOSED is declared
configure:16121: gcc -c -g -O2  conftest.c >&5
configure:16121: $? = 0
configure:16121: result: yes
configure:16133: checking whether LWS_SERVER_OPTION_DO_SSL_GLOBAL_INIT is declared
configure:16133: gcc -c -g -O2  conftest.c >&5
configure:16133: $? = 0
configure:16133: result: yes
configure:16144: checking whether LCCSCF_USE_SSL is declared
configure:16144: gcc -c -g -O2  conftest.c >&5
configure:16144: $? = 0
configure:16144: result: yes
configure:16156: checking whether lws_callback_http_dummy is declared
configure:16156: gcc -c -g -O2  conftest.c >&5
configure:16156: $? = 0
configure:16156: result: yes
configure:16384: checking that generated files are newer than configure
configure:16390: result: done
configure:16509: creating ./config.status

## ---------------------- ##
## Running config.status. ##
## ---------------------- ##

This file was extended by guacamole-server config.status 1.2.0, which was
generated by GNU Autoconf 2.69.  Invocation command line was

  CONFIG_FILES    = 
  CONFIG_HEADERS  = 
  CONFIG_LINKS    = 
  CONFIG_COMMANDS = 
  $ ./config.status 

on host-168-168-168-77

config.status:1243: creating Makefile
config.status:1243: creating doc/Doxyfile
config.status:1243: creating src/common/Makefile
config.status:1243: creating src/common/tests/Makefile
config.status:1243: creating src/common-ssh/Makefile
config.status:1243: creating src/common-ssh/tests/Makefile
config.status:1243: creating src/terminal/Makefile
config.status:1243: creating src/libguac/Makefile
config.status:1243: creating src/libguac/tests/Makefile
config.status:1243: creating src/guacd/Makefile
config.status:1243: creating src/guacd/man/guacd.8
config.status:1243: creating src/guacd/man/guacd.conf.5
config.status:1243: creating src/guacenc/Makefile
config.status:1243: creating src/guacenc/man/guacenc.1
config.status:1243: creating src/guaclog/Makefile
config.status:1243: creating src/guaclog/man/guaclog.1
config.status:1243: creating src/pulse/Makefile
config.status:1243: creating src/protocols/kubernetes/Makefile
config.status:1243: creating src/protocols/rdp/Makefile
config.status:1243: creating src/protocols/rdp/tests/Makefile
config.status:1243: creating src/protocols/ssh/Makefile
config.status:1243: creating src/protocols/telnet/Makefile
config.status:1243: creating src/protocols/vnc/Makefile
config.status:1243: creating config.h
config.status:1472: executing depfiles commands
config.status:1472: executing libtool commands

## ---------------- ##
## Cache variables. ##
## ---------------- ##

ac_cv_build=x86_64-pc-linux-gnu
ac_cv_c_compiler_gnu=yes
ac_cv_env_AVCODEC_CFLAGS_set=
ac_cv_env_AVCODEC_CFLAGS_value=
ac_cv_env_AVCODEC_LIBS_set=
ac_cv_env_AVCODEC_LIBS_value=
ac_cv_env_AVFORMAT_CFLAGS_set=
ac_cv_env_AVFORMAT_CFLAGS_value=
ac_cv_env_AVFORMAT_LIBS_set=
ac_cv_env_AVFORMAT_LIBS_value=
ac_cv_env_AVUTIL_CFLAGS_set=
ac_cv_env_AVUTIL_CFLAGS_value=
ac_cv_env_AVUTIL_LIBS_set=
ac_cv_env_AVUTIL_LIBS_value=
ac_cv_env_CC_set=
ac_cv_env_CC_value=
ac_cv_env_CFLAGS_set=
ac_cv_env_CFLAGS_value=
ac_cv_env_CPPFLAGS_set=
ac_cv_env_CPPFLAGS_value=
ac_cv_env_CPP_set=
ac_cv_env_CPP_value=
ac_cv_env_LDFLAGS_set=
ac_cv_env_LDFLAGS_value=
ac_cv_env_LIBS_set=
ac_cv_env_LIBS_value=
ac_cv_env_LT_SYS_LIBRARY_PATH_set=
ac_cv_env_LT_SYS_LIBRARY_PATH_value=
ac_cv_env_PANGOCAIRO_CFLAGS_set=
ac_cv_env_PANGOCAIRO_CFLAGS_value=
ac_cv_env_PANGOCAIRO_LIBS_set=
ac_cv_env_PANGOCAIRO_LIBS_value=
ac_cv_env_PANGO_CFLAGS_set=
ac_cv_env_PANGO_CFLAGS_value=
ac_cv_env_PANGO_LIBS_set=
ac_cv_env_PANGO_LIBS_value=
ac_cv_env_PKG_CONFIG_LIBDIR_set=
ac_cv_env_PKG_CONFIG_LIBDIR_value=
ac_cv_env_PKG_CONFIG_PATH_set=set
ac_cv_env_PKG_CONFIG_PATH_value=/opt/rh/devtoolset-9/root/usr/lib64/pkgconfig
ac_cv_env_PKG_CONFIG_set=
ac_cv_env_PKG_CONFIG_value=
ac_cv_env_RDP_CFLAGS_set=
ac_cv_env_RDP_CFLAGS_value=
ac_cv_env_RDP_LIBS_set=
ac_cv_env_RDP_LIBS_value=
ac_cv_env_SWSCALE_CFLAGS_set=
ac_cv_env_SWSCALE_CFLAGS_value=
ac_cv_env_SWSCALE_LIBS_set=
ac_cv_env_SWSCALE_LIBS_value=
ac_cv_env_build_alias_set=
ac_cv_env_build_alias_value=
ac_cv_env_host_alias_set=
ac_cv_env_host_alias_value=
ac_cv_env_target_alias_set=
ac_cv_env_target_alias_value=
ac_cv_func_clock_gettime=yes
ac_cv_func_dlopen=no
ac_cv_func_gettimeofday=yes
ac_cv_func_memmove=yes
ac_cv_func_memset=yes
ac_cv_func_nanosleep=yes
ac_cv_func_select=yes
ac_cv_func_shl_load=no
ac_cv_func_strdup=yes
ac_cv_have_decl_DSA_SIG_get0=no
ac_cv_have_decl_DSA_get0_key=no
ac_cv_have_decl_DSA_get0_pqg=no
ac_cv_have_decl_FreeRDPConvertColor=yes
ac_cv_have_decl_LCCSCF_USE_SSL=yes
ac_cv_have_decl_LWS_CALLBACK_CLIENT_CLOSED=yes
ac_cv_have_decl_LWS_SERVER_OPTION_DO_SSL_GLOBAL_INIT=yes
ac_cv_have_decl_RSA_get0_key=no
ac_cv_have_decl_cairo_format_stride_for_width=yes
ac_cv_have_decl_listenForIncomingConnectionsNoFork=yes
ac_cv_have_decl_lws_callback_http_dummy=yes
ac_cv_have_decl_png_get_io_ptr=yes
ac_cv_have_decl_poll=yes
ac_cv_have_decl_strlcat=no
ac_cv_have_decl_strlcpy=no
ac_cv_have_decl_uuid_make=yes
ac_cv_header_cairo_cairo_h=yes
ac_cv_header_dlfcn_h=yes
ac_cv_header_fcntl_h=yes
ac_cv_header_inttypes_h=yes
ac_cv_header_memory_h=yes
ac_cv_header_openssl_ssl_h=yes
ac_cv_header_ossp_uuid_h=no
ac_cv_header_pngstruct_h=no
ac_cv_header_stdc=yes
ac_cv_header_stdint_h=yes
ac_cv_header_stdlib_h=yes
ac_cv_header_string_h=yes
ac_cv_header_strings_h=yes
ac_cv_header_sys_socket_h=yes
ac_cv_header_sys_stat_h=yes
ac_cv_header_sys_time_h=yes
ac_cv_header_sys_types_h=yes
ac_cv_header_syslog_h=yes
ac_cv_header_time_h=yes
ac_cv_header_unistd_h=yes
ac_cv_header_vorbis_vorbisenc_h=yes
ac_cv_header_webp_encode_h=yes
ac_cv_host=x86_64-pc-linux-gnu
ac_cv_lib_cairo_cairo_create=yes
ac_cv_lib_cunit_CU_run_test=no
ac_cv_lib_dl_dlopen=yes
ac_cv_lib_dld_shl_load=no
ac_cv_lib_jpeg_jpeg_start_compress=yes
ac_cv_lib_m_cos=yes
ac_cv_lib_ogg_ogg_stream_init=yes
ac_cv_lib_ossp_uuid_uuid_make=yes
ac_cv_lib_png_png_write_png=yes
ac_cv_lib_pthread_pthread_create=yes
ac_cv_lib_pulse_pa_context_new=yes
ac_cv_lib_ssh2_gcry_control=no
ac_cv_lib_ssh2_libssh2_session_init_ex=yes
ac_cv_lib_ssl_SSL_CTX_new=yes
ac_cv_lib_telnet_telnet_init=yes
ac_cv_lib_vncclient_rfbInitClient=yes
ac_cv_lib_vorbis_vorbis_block_init=yes
ac_cv_lib_vorbisenc_vorbis_encode_init=yes
ac_cv_lib_webp_WebPEncode=yes
ac_cv_lib_websockets_lws_create_context=yes
ac_cv_lib_wsock32_main=no
ac_cv_member_rdpSettings_AllowUnanouncedOrdersFromServer=yes
ac_cv_member_rfbClient_LockWriteToTLS=no
ac_cv_member_rfbClient_UnlockWriteToTLS=no
ac_cv_member_rfbClient_destHost=yes
ac_cv_member_rfbClient_destPort=yes
ac_cv_objext=o
ac_cv_path_EGREP='/usr/bin/grep -E'
ac_cv_path_FGREP='/usr/bin/grep -F'
ac_cv_path_GREP=/usr/bin/grep
ac_cv_path_SED=/usr/bin/sed
ac_cv_path_ac_pt_PKG_CONFIG=/usr/bin/pkg-config
ac_cv_path_install='/usr/bin/install -c'
ac_cv_path_lt_DD=/usr/bin/dd
ac_cv_path_mkdir=/usr/bin/mkdir
ac_cv_prog_AWK=gawk
ac_cv_prog_CPP='gcc -E'
ac_cv_prog_ac_ct_AR=ar
ac_cv_prog_ac_ct_CC=gcc
ac_cv_prog_ac_ct_OBJDUMP=objdump
ac_cv_prog_ac_ct_RANLIB=ranlib
ac_cv_prog_ac_ct_STRIP=strip
ac_cv_prog_cc_c89=
ac_cv_prog_cc_c99=
ac_cv_prog_cc_g=yes
ac_cv_prog_make_make_set=yes
ac_cv_type_size_t=yes
ac_cv_type_ssize_t=yes
am_cv_CC_dependencies_compiler_type=gcc3
am_cv_make_support_nested_variables=yes
am_cv_prog_cc_c_o=yes
lt_cv_ar_at_file=@
lt_cv_archive_cmds_need_lc=no
lt_cv_deplibs_check_method=pass_all
lt_cv_dlopen=dlopen
lt_cv_dlopen_libs=-ldl
lt_cv_dlopen_self=yes
lt_cv_dlopen_self_static=yes
lt_cv_file_magic_cmd='$MAGIC_CMD'
lt_cv_file_magic_test_file=
lt_cv_ld_reload_flag=-r
lt_cv_nm_interface='BSD nm'
lt_cv_objdir=.libs
lt_cv_path_LD=/opt/rh/devtoolset-9/root/usr/libexec/gcc/x86_64-redhat-linux/9/ld
lt_cv_path_NM='/opt/rh/devtoolset-9/root/usr/bin/nm -B'
lt_cv_path_mainfest_tool=no
lt_cv_prog_compiler_c_o=yes
lt_cv_prog_compiler_pic='-fPIC -DPIC'
lt_cv_prog_compiler_pic_works=yes
lt_cv_prog_compiler_rtti_exceptions=no
lt_cv_prog_compiler_static_works=no
lt_cv_prog_gnu_ld=yes
lt_cv_sharedlib_from_linklib_cmd='printf %s\n'
lt_cv_shlibpath_overrides_runpath=no
lt_cv_sys_global_symbol_pipe='sed -n -e '\''s/^.*[	 ]\([ABCDGIRSTW][ABCDGIRSTW]*\)[	 ][	 ]*\([_A-Za-z][_A-Za-z0-9]*\)$/\1 \2 \2/p'\'' | sed '\''/ __gnu_lto/d'\'''
lt_cv_sys_global_symbol_to_c_name_address='sed -n -e '\''s/^: \(.*\) .*$/  {"\1", (void *) 0},/p'\'' -e '\''s/^[ABCDGIRSTW][ABCDGIRSTW]* .* \(.*\)$/  {"\1", (void *) \&\1},/p'\'''
lt_cv_sys_global_symbol_to_c_name_address_lib_prefix='sed -n -e '\''s/^: \(.*\) .*$/  {"\1", (void *) 0},/p'\'' -e '\''s/^[ABCDGIRSTW][ABCDGIRSTW]* .* \(lib.*\)$/  {"\1", (void *) \&\1},/p'\'' -e '\''s/^[ABCDGIRSTW][ABCDGIRSTW]* .* \(.*\)$/  {"lib\1", (void *) \&\1},/p'\'''
lt_cv_sys_global_symbol_to_cdecl='sed -n -e '\''s/^T .* \(.*\)$/extern int \1();/p'\'' -e '\''s/^[ABCDGIRSTW][ABCDGIRSTW]* .* \(.*\)$/extern char \1;/p'\'''
lt_cv_sys_global_symbol_to_import=
lt_cv_sys_max_cmd_len=1572864
lt_cv_to_host_file_cmd=func_convert_file_noop
lt_cv_to_tool_file_cmd=func_convert_file_noop
lt_cv_truncate_bin='/usr/bin/dd bs=4096 count=1'
pkg_cv_AVCODEC_CFLAGS='-I/usr/include/ffmpeg  '
pkg_cv_AVCODEC_LIBS='-lavcodec  '
pkg_cv_AVFORMAT_CFLAGS='-I/usr/include/ffmpeg  '
pkg_cv_AVFORMAT_LIBS='-lavformat  '
pkg_cv_AVUTIL_CFLAGS='-I/usr/include/ffmpeg  '
pkg_cv_AVUTIL_LIBS='-lavutil  '
pkg_cv_PANGOCAIRO_CFLAGS='-I/usr/include/pango-1.0 -I/usr/include/cairo -I/usr/include/harfbuzz -I/usr/include/freetype2 -I/usr/include/glib-2.0 -I/usr/lib64/glib-2.0/include -I/usr/include/fribidi -I/usr/include/libpng15 -I/usr/include/uuid -I/usr/include/pixman-1 -I/usr/include/libdrm  '
pkg_cv_PANGOCAIRO_LIBS='-lpangocairo-1.0 -lpango-1.0 -lcairo -lgobject-2.0 -lglib-2.0  '
pkg_cv_PANGO_CFLAGS='-I/usr/include/pango-1.0 -I/usr/include/fribidi -I/usr/include/glib-2.0 -I/usr/lib64/glib-2.0/include  '
pkg_cv_PANGO_LIBS='-lpango-1.0 -lgobject-2.0 -lglib-2.0  '
pkg_cv_RDP_CFLAGS='-I/usr/include/freerdp2/ -I/usr/include/winpr2  '
pkg_cv_RDP_LIBS='-lfreerdp2 -lfreerdp-client2 -lwinpr2  '
pkg_cv_SWSCALE_CFLAGS='-I/usr/include/ffmpeg  '
pkg_cv_SWSCALE_LIBS='-lswscale  '

## ----------------- ##
## Output variables. ##
## ----------------- ##

ACLOCAL='${SHELL} /home/software/guacamole-server-1.2.0/build-aux/missing aclocal-1.15'
AMDEPBACKSLASH='\'
AMDEP_FALSE='#'
AMDEP_TRUE=''
AMTAR='$${TAR-tar}'
AM_BACKSLASH='\'
AM_DEFAULT_V='$(AM_DEFAULT_VERBOSITY)'
AM_DEFAULT_VERBOSITY='0'
AM_V='$(V)'
AR='ar'
AUTOCONF='${SHELL} /home/software/guacamole-server-1.2.0/build-aux/missing autoconf'
AUTOHEADER='${SHELL} /home/software/guacamole-server-1.2.0/build-aux/missing autoheader'
AUTOMAKE='${SHELL} /home/software/guacamole-server-1.2.0/build-aux/missing automake-1.15'
AVCODEC_CFLAGS='-I/usr/include/ffmpeg  '
AVCODEC_LIBS='-lavcodec  '
AVFORMAT_CFLAGS='-I/usr/include/ffmpeg  '
AVFORMAT_LIBS='-lavformat  '
AVUTIL_CFLAGS='-I/usr/include/ffmpeg  '
AVUTIL_LIBS='-lavutil  '
AWK='gawk'
CAIRO_LIBS='-lcairo'
CC='gcc'
CCDEPMODE='depmode=gcc3'
CFLAGS='-g -O2'
COMMON_INCLUDE='-I$(top_srcdir)/src/common'
COMMON_LTLIB='$(top_builddir)/src/common/libguac_common.la'
COMMON_SSH_INCLUDE='-I$(top_srcdir)/src/common-ssh'
COMMON_SSH_LTLIB='$(top_builddir)/src/common-ssh/libguac_common_ssh.la'
CPP='gcc -E'
CPPFLAGS=''
CUNIT_LIBS=''
CYGPATH_W='echo'
DEFS='-DHAVE_CONFIG_H'
DEPDIR='.deps'
DLLTOOL='false'
DL_LIBS='-ldl'
DSYMUTIL=''
DUMPBIN=''
ECHO_C=''
ECHO_N='-n'
ECHO_T=''
EGREP='/usr/bin/grep -E'
ENABLE_AVCODEC_FALSE='#'
ENABLE_AVCODEC_TRUE=''
ENABLE_AVFORMAT_FALSE='#'
ENABLE_AVFORMAT_TRUE=''
ENABLE_AVUTIL_FALSE='#'
ENABLE_AVUTIL_TRUE=''
ENABLE_COMMON_SSH_FALSE='#'
ENABLE_COMMON_SSH_TRUE=''
ENABLE_GUACD_FALSE='#'
ENABLE_GUACD_TRUE=''
ENABLE_GUACENC_FALSE='#'
ENABLE_GUACENC_TRUE=''
ENABLE_GUACLOG_FALSE='#'
ENABLE_GUACLOG_TRUE=''
ENABLE_INIT_FALSE='#'
ENABLE_INIT_TRUE=''
ENABLE_KUBERNETES_FALSE='#'
ENABLE_KUBERNETES_TRUE=''
ENABLE_OGG_FALSE='#'
ENABLE_OGG_TRUE=''
ENABLE_PULSE_FALSE='#'
ENABLE_PULSE_TRUE=''
ENABLE_RDP_FALSE='#'
ENABLE_RDP_TRUE=''
ENABLE_SSH_AGENT_FALSE=''
ENABLE_SSH_AGENT_TRUE='#'
ENABLE_SSH_FALSE='#'
ENABLE_SSH_TRUE=''
ENABLE_SSL_FALSE='#'
ENABLE_SSL_TRUE=''
ENABLE_SWSCALE_FALSE='#'
ENABLE_SWSCALE_TRUE=''
ENABLE_SYSTEMD_FALSE=''
ENABLE_SYSTEMD_TRUE='#'
ENABLE_TELNET_FALSE='#'
ENABLE_TELNET_TRUE=''
ENABLE_TERMINAL_FALSE='#'
ENABLE_TERMINAL_TRUE=''
ENABLE_VNC_FALSE='#'
ENABLE_VNC_TRUE=''
ENABLE_WEBP_FALSE='#'
ENABLE_WEBP_TRUE=''
ENABLE_WEBSOCKETS_FALSE='#'
ENABLE_WEBSOCKETS_TRUE=''
ENABLE_WINSOCK_FALSE=''
ENABLE_WINSOCK_TRUE='#'
EXEEXT=''
FGREP='/usr/bin/grep -F'
FREERDP2_PLUGIN_DIR='/usr/lib64/freerdp2'
GREP='/usr/bin/grep'
INSTALL_DATA='${INSTALL} -m 644'
INSTALL_PROGRAM='${INSTALL}'
INSTALL_SCRIPT='${INSTALL}'
INSTALL_STRIP_PROGRAM='$(install_sh) -c -s'
JPEG_LIBS='-ljpeg'
LD='/opt/rh/devtoolset-9/root/usr/libexec/gcc/x86_64-redhat-linux/9/ld -m elf_x86_64'
LDFLAGS=''
LIBGUAC_CLIENT_RDP_INCLUDE='-I$(top_srcdir)/src/protocols/rdp'
LIBGUAC_CLIENT_RDP_LTLIB='$(top_builddir)/src/protocols/rdp/libguac-client-rdp.la'
LIBGUAC_INCLUDE='-I$(top_srcdir)/src/libguac'
LIBGUAC_LTLIB='$(top_builddir)/src/libguac/libguac.la'
LIBOBJS=''
LIBS=''
LIBTOOL='$(SHELL) $(top_builddir)/libtool'
LIPO=''
LN_S='ln -s'
LTLIBOBJS=''
LT_SYS_LIBRARY_PATH=''
MAKEINFO='${SHELL} /home/software/guacamole-server-1.2.0/build-aux/missing makeinfo'
MANIFEST_TOOL=':'
MATH_LIBS='-lm'
MKDIR_P='/usr/bin/mkdir -p'
NM='/opt/rh/devtoolset-9/root/usr/bin/nm -B'
NMEDIT=''
OBJDUMP='objdump'
OBJEXT='o'
OTOOL64=''
OTOOL=''
PACKAGE='guacamole-server'
PACKAGE_BUGREPORT=''
PACKAGE_NAME='guacamole-server'
PACKAGE_STRING='guacamole-server 1.2.0'
PACKAGE_TARNAME='guacamole-server'
PACKAGE_URL=''
PACKAGE_VERSION='1.2.0'
PANGOCAIRO_CFLAGS='-I/usr/include/pango-1.0 -I/usr/include/cairo -I/usr/include/harfbuzz -I/usr/include/freetype2 -I/usr/include/glib-2.0 -I/usr/lib64/glib-2.0/include -I/usr/include/fribidi -I/usr/include/libpng15 -I/usr/include/uuid -I/usr/include/pixman-1 -I/usr/include/libdrm  '
PANGOCAIRO_LIBS='-lpangocairo-1.0 -lpango-1.0 -lcairo -lgobject-2.0 -lglib-2.0  '
PANGO_CFLAGS='-I/usr/include/pango-1.0 -I/usr/include/fribidi -I/usr/include/glib-2.0 -I/usr/lib64/glib-2.0/include  '
PANGO_LIBS='-lpango-1.0 -lgobject-2.0 -lglib-2.0  '
PATH_SEPARATOR=':'
PKG_CONFIG='/usr/bin/pkg-config'
PKG_CONFIG_LIBDIR=''
PKG_CONFIG_PATH='/opt/rh/devtoolset-9/root/usr/lib64/pkgconfig'
PNG_LIBS='-lpng'
PTHREAD_LIBS='-lpthread'
PULSE_INCLUDE='-I$(top_srcdir)/src/pulse'
PULSE_LIBS=' -lpulse'
PULSE_LTLIB='$(top_builddir)/src/pulse/libguac_pulse.la'
RANLIB='ranlib'
RDP_CFLAGS='-I/usr/include/freerdp2/ -I/usr/include/winpr2  '
RDP_LIBS='-lfreerdp2 -lfreerdp-client2 -lwinpr2  '
SED='/usr/bin/sed'
SET_MAKE=''
SHELL='/bin/sh'
SSH_LIBS=' -lssh2'
SSL_LIBS=' -lssl -lcrypto'
STRIP='strip'
SWSCALE_CFLAGS='-I/usr/include/ffmpeg  '
SWSCALE_LIBS='-lswscale  '
TELNET_LIBS=' -ltelnet'
TERMINAL_INCLUDE='-I$(top_srcdir)/src/terminal $(PANGO_CFLAGS) $(PANGOCAIRO_CFLAGS) $(COMMON_INCLUDE)'
TERMINAL_LTLIB='$(top_builddir)/src/terminal/libguac_terminal.la'
UUID_LIBS='-lossp-uuid'
VERSION='1.2.0'
VNC_LIBS=' -lvncclient'
VORBIS_LIBS=' -logg -lvorbis -lvorbisenc'
WEBP_LIBS=' -lwebp'
WEBSOCKETS_LIBS=' -lwebsockets'
WINSOCK_LIBS=''
ac_ct_AR='ar'
ac_ct_CC='gcc'
ac_ct_DUMPBIN=''
am__EXEEXT_FALSE=''
am__EXEEXT_TRUE='#'
am__fastdepCC_FALSE='#'
am__fastdepCC_TRUE=''
am__include='include'
am__isrc=''
am__leading_dot='.'
am__nodep='_no'
am__quote=''
am__tar='$${TAR-tar} chof - "$$tardir"'
am__untar='$${TAR-tar} xf -'
bindir='${exec_prefix}/bin'
build='x86_64-pc-linux-gnu'
build_alias=''
build_cpu='x86_64'
build_os='linux-gnu'
build_vendor='pc'
datadir='${datarootdir}'
datarootdir='${prefix}/share'
docdir='${datarootdir}/doc/${PACKAGE_TARNAME}'
dvidir='${docdir}'
exec_prefix='${prefix}'
host='x86_64-pc-linux-gnu'
host_alias=''
host_cpu='x86_64'
host_os='linux-gnu'
host_vendor='pc'
htmldir='${docdir}'
includedir='${prefix}/include'
infodir='${datarootdir}/info'
init_dir='/etc/init.d'
install_sh='${SHELL} /home/software/guacamole-server-1.2.0/build-aux/install-sh'
libdir='${exec_prefix}/lib'
libexecdir='${exec_prefix}/libexec'
localedir='${datarootdir}/locale'
localstatedir='${prefix}/var'
mandir='${datarootdir}/man'
mkdir_p='$(MKDIR_P)'
oldincludedir='/usr/include'
pdfdir='${docdir}'
prefix='/usr/local'
program_transform_name='s,x,x,'
psdir='${docdir}'
sbindir='${exec_prefix}/sbin'
sharedstatedir='${prefix}/com'
sysconfdir='${prefix}/etc'
systemd_dir=''
target_alias=''

## ----------- ##
## confdefs.h. ##
## ----------- ##

/* confdefs.h */
#define PACKAGE_NAME "guacamole-server"
#define PACKAGE_TARNAME "guacamole-server"
#define PACKAGE_VERSION "1.2.0"
#define PACKAGE_STRING "guacamole-server 1.2.0"
#define PACKAGE_BUGREPORT ""
#define PACKAGE_URL ""
#define PACKAGE "guacamole-server"
#define VERSION "1.2.0"
#define STDC_HEADERS 1
#define HAVE_SYS_TYPES_H 1
#define HAVE_SYS_STAT_H 1
#define HAVE_STDLIB_H 1
#define HAVE_STRING_H 1
#define HAVE_MEMORY_H 1
#define HAVE_STRINGS_H 1
#define HAVE_INTTYPES_H 1
#define HAVE_STDINT_H 1
#define HAVE_UNISTD_H 1
#define HAVE_DLFCN_H 1
#define LT_OBJDIR ".libs/"
#define HAVE_FCNTL_H 1
#define HAVE_STDLIB_H 1
#define HAVE_STRING_H 1
#define HAVE_SYS_SOCKET_H 1
#define HAVE_TIME_H 1
#define HAVE_SYS_TIME_H 1
#define HAVE_SYSLOG_H 1
#define HAVE_UNISTD_H 1
#define HAVE_CAIRO_CAIRO_H 1
#define _XOPEN_SOURCE 700
#define __BSD_VISIBLE 1
#define HAVE_LIBPTHREAD /**/
#define HAVE_CLOCK_GETTIME 1
#define HAVE_GETTIMEOFDAY 1
#define HAVE_MEMMOVE 1
#define HAVE_MEMSET 1
#define HAVE_SELECT 1
#define HAVE_STRDUP 1
#define HAVE_NANOSLEEP 1
#define HAVE_PNG_GET_IO_PTR /**/
#define HAVE_CAIRO_FORMAT_STRIDE_FOR_WIDTH /**/
#define HAVE_POLL /**/
#define GUACD_CONF_FILE "/etc/guacamole/guacd.conf"
#define ENABLE_SSL /**/
#define OPENSSL_REQUIRES_THREADING_CALLBACKS /**/
#define ENABLE_OGG /**/
#define ENABLE_PULSE /**/
#define HAVE_RFBCLIENT_DESTHOST 1
#define HAVE_RFBCLIENT_DESTPORT 1
#define ENABLE_VNC_REPEATER /**/
#define ENABLE_VNC_LISTEN /**/
#define HAVE_FREERDPCONVERTCOLOR /**/
#define FREERDP_GLYPH_CALLBACKS_ACCEPT_INT32 /**/
#define FREERDP_CLIPRDR_CALLBACKS_REQUIRE_CONST /**/
#define FREERDP_RAIL_CALLBACKS_REQUIRE_CONST /**/
#define HAVE_RDPSETTINGS_ALLOWUNANOUNCEDORDERSFROMSERVER 1
#define ENABLE_COMMON_SSH /**/
#define ENABLE_WEBP /**/
#define HAVE_LWS_CALLBACK_CLIENT_CLOSED /**/
#define HAVE_LWS_SERVER_OPTION_DO_SSL_GLOBAL_INIT /**/
#define HAVE_LCCSCF_USE_SSL /**/
#define HAVE_LWS_CALLBACK_HTTP_DUMMY /**/

configure: exit 0
